Copyright 1986-2018 Xilinx, Inc. All Rights Reserved.
-------------------------------------------------------------------------------------
| Tool Version : Vivado v.2018.1 (win64) Build 2188600 Wed Apr  4 18:40:38 MDT 2018
| Date         : Fri Nov  1 14:22:37 2019
| Host         : DESKTOP-89AAFLI running 64-bit major release  (build 9200)
| Command      : report_clock_utilization -file PIC_LAY_clock_utilization_routed.rpt
| Design       : PIC_LAY
| Device       : 7z020-clg484
| Speed File   : -1  PRODUCTION 1.11 2014-09-11
-------------------------------------------------------------------------------------

Clock Utilization Report

Table of Contents
-----------------
1. Clock Primitive Utilization
2. Global Clock Resources
3. Global Clock Source Details
4. Clock Regions: Key Resource Utilization
5. Clock Regions : Global Clock Summary
6. Device Cell Placement Summary for Global Clock g0
7. Device Cell Placement Summary for Global Clock g1
8. Device Cell Placement Summary for Global Clock g2
9. Device Cell Placement Summary for Global Clock g3
10. Device Cell Placement Summary for Global Clock g4
11. Device Cell Placement Summary for Global Clock g5
12. Clock Region Cell Placement per Global Clock: Region X0Y0
13. Clock Region Cell Placement per Global Clock: Region X1Y0
14. Clock Region Cell Placement per Global Clock: Region X0Y1
15. Clock Region Cell Placement per Global Clock: Region X1Y1

1. Clock Primitive Utilization
------------------------------

+----------+------+-----------+-----+--------------+--------+
| Type     | Used | Available | LOC | Clock Region | Pblock |
+----------+------+-----------+-----+--------------+--------+
| BUFGCTRL |    6 |        32 |   0 |            0 |      0 |
| BUFH     |    0 |        72 |   0 |            0 |      0 |
| BUFIO    |    0 |        16 |   0 |            0 |      0 |
| BUFMR    |    0 |         8 |   0 |            0 |      0 |
| BUFR     |    0 |        16 |   0 |            0 |      0 |
| MMCM     |    1 |         4 |   0 |            0 |      0 |
| PLL      |    0 |         4 |   0 |            0 |      0 |
+----------+------+-----------+-----+--------------+--------+


2. Global Clock Resources
-------------------------

+-----------+-----------+-----------------+------------+---------------+--------------+-------------------+-------------+-----------------+--------------+------------------+--------------------------------+-------------------------------+
| Global Id | Source Id | Driver Type/Pin | Constraint | Site          | Clock Region | Load Clock Region | Clock Loads | Non-Clock Loads | Clock Period | Clock            | Driver Pin                     | Net                           |
+-----------+-----------+-----------------+------------+---------------+--------------+-------------------+-------------+-----------------+--------------+------------------+--------------------------------+-------------------------------+
| g0        | src0      | BUFG/O          | None       | BUFGCTRL_X0Y0 | n/a          |                 4 |         148 |               1 |       40.000 | clk_out3_PLL_108 | u11/inst/clkout3_buf/O         | u11/inst/clk_out3             |
| g1        | src1      | BUFG/O          | None       | BUFGCTRL_X0Y2 | n/a          |                 2 |         100 |               0 |              |                  | OV7670_PCLK_2_IBUF_BUFG_inst/O | OV7670_PCLK_2_IBUF_BUFG       |
| g2        | src2      | BUFG/O          | None       | BUFGCTRL_X0Y3 | n/a          |                 4 |         100 |               0 |              |                  | OV7670_PCLK_IBUF_BUFG_inst/O   | OV7670_PCLK_IBUF_BUFG         |
| g3        | src0      | BUFG/O          | None       | BUFGCTRL_X0Y1 | n/a          |                 1 |          98 |               2 |       40.000 | clk_out2_PLL_108 | u11/inst/clkout2_buf/O         | u11/inst/clk_out2             |
| g4        | src0      | BUFG/O          | None       | BUFGCTRL_X0Y4 | n/a          |                 1 |          25 |               0 |       20.000 | clk_out1_PLL_108 | u11/inst/clkout1_buf/O         | u11/inst/clk_out1             |
| g5        | src0      | BUFG/O          | None       | BUFGCTRL_X0Y5 | n/a          |                 1 |           1 |               0 |       10.000 | clkfbout_PLL_108 | u11/inst/clkf_buf/O            | u11/inst/clkfbout_buf_PLL_108 |
+-----------+-----------+-----------------+------------+---------------+--------------+-------------------+-------------+-----------------+--------------+------------------+--------------------------------+-------------------------------+
* Clock Loads column represents the clock pin loads (pin count)
** Non-Clock Loads column represents the non-clock pin loads (pin count)


3. Global Clock Source Details
------------------------------

+-----------+-----------+---------------------+------------+-----------------+--------------+-------------+-----------------+---------------------+------------------+---------------------------------+---------------------------+
| Source Id | Global Id | Driver Type/Pin     | Constraint | Site            | Clock Region | Clock Loads | Non-Clock Loads | Source Clock Period | Source Clock     | Driver Pin                      | Net                       |
+-----------+-----------+---------------------+------------+-----------------+--------------+-------------+-----------------+---------------------+------------------+---------------------------------+---------------------------+
| src0      | g4        | MMCME2_ADV/CLKOUT0  | None       | MMCME2_ADV_X0Y0 | X0Y0         |           1 |               0 |              20.000 | clk_out1_PLL_108 | u11/inst/mmcm_adv_inst/CLKOUT0  | u11/inst/clk_out1_PLL_108 |
| src0      | g3        | MMCME2_ADV/CLKOUT1  | None       | MMCME2_ADV_X0Y0 | X0Y0         |           1 |               0 |              40.000 | clk_out2_PLL_108 | u11/inst/mmcm_adv_inst/CLKOUT1  | u11/inst/clk_out2_PLL_108 |
| src0      | g0        | MMCME2_ADV/CLKOUT2  | None       | MMCME2_ADV_X0Y0 | X0Y0         |           1 |               0 |              40.000 | clk_out3_PLL_108 | u11/inst/mmcm_adv_inst/CLKOUT2  | u11/inst/clk_out3_PLL_108 |
| src0      | g5        | MMCME2_ADV/CLKFBOUT | None       | MMCME2_ADV_X0Y0 | X0Y0         |           1 |               0 |              10.000 | clkfbout_PLL_108 | u11/inst/mmcm_adv_inst/CLKFBOUT | u11/inst/clkfbout_PLL_108 |
| src1      | g1        | IBUF/O              | IOB_X0Y44  | IOB_X0Y44       | X0Y0         |           1 |               0 |                     |                  | OV7670_PCLK_2_IBUF_inst/O       | OV7670_PCLK_2_IBUF        |
| src2      | g2        | IBUF/O              | IOB_X0Y3   | IOB_X0Y3        | X0Y0         |           1 |               0 |                     |                  | OV7670_PCLK_IBUF_inst/O         | OV7670_PCLK_IBUF          |
+-----------+-----------+---------------------+------------+-----------------+--------------+-------------+-----------------+---------------------+------------------+---------------------------------+---------------------------+
* Clock Loads column represents the clock pin loads (pin count)
** Non-Clock Loads column represents the non-clock pin loads (pin count)


4. Clock Regions: Key Resource Utilization
------------------------------------------

+-------------------+--------------+--------------+--------------+--------------+--------------+--------------+--------------+--------------+--------------+--------------+--------------+--------------+--------------+--------------+--------------+
|                   | Global Clock |     BUFRs    |    BUFMRs    |    BUFIOs    |     MMCM     |      PLL     |      GT      |      PCI     |    ILOGIC    |    OLOGIC    |      FF      |     LUTM     |    RAMB18    |    RAMB36    |    DSP48E2   |
+-------------------+------+-------+------+-------+------+-------+------+-------+------+-------+------+-------+------+-------+------+-------+------+-------+------+-------+------+-------+------+-------+------+-------+------+-------+------+-------+
| Clock Region Name | Used | Avail | Used | Avail | Used | Avail | Used | Avail | Used | Avail | Used | Avail | Used | Avail | Used | Avail | Used | Avail | Used | Avail | Used | Avail | Used | Avail | Used | Avail | Used | Avail | Used | Avail |
+-------------------+------+-------+------+-------+------+-------+------+-------+------+-------+------+-------+------+-------+------+-------+------+-------+------+-------+------+-------+------+-------+------+-------+------+-------+------+-------+
| X0Y0              |    6 |    12 |    0 |     4 |    0 |     2 |    0 |     4 |    1 |     1 |    0 |     1 |    0 |     0 |    0 |     0 |    0 |    50 |    0 |    50 |  312 |  2500 |  139 |  1000 |    0 |    60 |   29 |    30 |    0 |    60 |
| X1Y0              |    3 |    12 |    0 |     4 |    0 |     2 |    0 |     4 |    0 |     1 |    0 |     1 |    0 |     0 |    0 |     0 |    0 |    50 |    0 |    50 |   27 |  3200 |   18 |   850 |    2 |    60 |   20 |    30 |    0 |    40 |
| X0Y1              |    2 |    12 |    0 |     0 |    0 |     0 |    0 |     0 |    0 |     0 |    0 |     0 |    0 |     0 |    0 |     0 |    0 |     0 |    0 |     0 |    0 |  1200 |    0 |   400 |    0 |    20 |    4 |    10 |    0 |    20 |
| X1Y1              |    2 |    12 |    0 |     4 |    0 |     2 |    0 |     4 |    0 |     1 |    0 |     1 |    0 |     0 |    0 |     0 |    0 |    50 |    0 |    50 |    0 |  2600 |    0 |   850 |    0 |    60 |    7 |    30 |    0 |    40 |
| X0Y2              |    0 |    12 |    0 |     0 |    0 |     0 |    0 |     0 |    0 |     0 |    0 |     0 |    0 |     0 |    0 |     0 |    0 |     0 |    0 |     0 |    0 |  1200 |    0 |   400 |    0 |    20 |    0 |    10 |    0 |    20 |
| X1Y2              |    0 |    12 |    0 |     4 |    0 |     2 |    0 |     4 |    0 |     1 |    0 |     1 |    0 |     0 |    0 |     0 |    0 |    50 |    0 |    50 |    0 |  2600 |    0 |   850 |    0 |    60 |    0 |    30 |    0 |    40 |
+-------------------+------+-------+------+-------+------+-------+------+-------+------+-------+------+-------+------+-------+------+-------+------+-------+------+-------+------+-------+------+-------+------+-------+------+-------+------+-------+
* Global Clock column represents track count; while other columns represents cell counts


5. Clock Regions : Global Clock Summary
---------------------------------------

All Modules
+----+----+----+
|    | X0 | X1 |
+----+----+----+
| Y2 |  0 |  0 |
| Y1 |  2 |  2 |
| Y0 |  6 |  3 |
+----+----+----+


6. Device Cell Placement Summary for Global Clock g0
----------------------------------------------------

+-----------+-----------------+-------------------+------------------+-------------+----------------+-------------+----------+----------------+----------+-------------------+
| Global Id | Driver Type/Pin | Driver Region (D) | Clock            | Period (ns) | Waveform (ns)  | Slice Loads | IO Loads | Clocking Loads | GT Loads | Net               |
+-----------+-----------------+-------------------+------------------+-------------+----------------+-------------+----------+----------------+----------+-------------------+
| g0        | BUFG/O          | n/a               | clk_out3_PLL_108 |      40.000 | {0.000 20.000} |         148 |        1 |              0 |        0 | u11/inst/clk_out3 |
+-----------+-----------------+-------------------+------------------+-------------+----------------+-------------+----------+----------------+----------+-------------------+
* Logic Loads column represents load cell count of all cell types other than IO, GT and clock resources
** IO Loads column represents load cell count of IO types
*** Clocking Loads column represents load cell count that are clock resources (global clock buffer, MMCM, PLL, etc)
**** GT Loads column represents load cell count of GT types


+----+------+-----+
|    | X0   | X1  |
+----+------+-----+
| Y2 |    0 |   0 |
| Y1 |    4 |   7 |
| Y0 |  104 |  34 |
+----+------+-----+


7. Device Cell Placement Summary for Global Clock g1
----------------------------------------------------

+-----------+-----------------+-------------------+-------+-------------+---------------+-------------+----------+----------------+----------+-------------------------+
| Global Id | Driver Type/Pin | Driver Region (D) | Clock | Period (ns) | Waveform (ns) | Slice Loads | IO Loads | Clocking Loads | GT Loads | Net                     |
+-----------+-----------------+-------------------+-------+-------------+---------------+-------------+----------+----------------+----------+-------------------------+
| g1        | BUFG/O          | n/a               |       |             |               |         100 |        0 |              0 |        0 | OV7670_PCLK_2_IBUF_BUFG |
+-----------+-----------------+-------------------+-------+-------------+---------------+-------------+----------+----------------+----------+-------------------------+
* Logic Loads column represents load cell count of all cell types other than IO, GT and clock resources
** IO Loads column represents load cell count of IO types
*** Clocking Loads column represents load cell count that are clock resources (global clock buffer, MMCM, PLL, etc)
**** GT Loads column represents load cell count of GT types


+----+-----+-----+
|    | X0  | X1  |
+----+-----+-----+
| Y2 |   0 |   0 |
| Y1 |   0 |   0 |
| Y0 |  85 |  15 |
+----+-----+-----+


8. Device Cell Placement Summary for Global Clock g2
----------------------------------------------------

+-----------+-----------------+-------------------+-------+-------------+---------------+-------------+----------+----------------+----------+-----------------------+
| Global Id | Driver Type/Pin | Driver Region (D) | Clock | Period (ns) | Waveform (ns) | Slice Loads | IO Loads | Clocking Loads | GT Loads | Net                   |
+-----------+-----------------+-------------------+-------+-------------+---------------+-------------+----------+----------------+----------+-----------------------+
| g2        | BUFG/O          | n/a               |       |             |               |         100 |        0 |              0 |        0 | OV7670_PCLK_IBUF_BUFG |
+-----------+-----------------+-------------------+-------+-------------+---------------+-------------+----------+----------------+----------+-----------------------+
* Logic Loads column represents load cell count of all cell types other than IO, GT and clock resources
** IO Loads column represents load cell count of IO types
*** Clocking Loads column represents load cell count that are clock resources (global clock buffer, MMCM, PLL, etc)
**** GT Loads column represents load cell count of GT types


+----+-----+-----+
|    | X0  | X1  |
+----+-----+-----+
| Y2 |   0 |   0 |
| Y1 |   4 |   7 |
| Y0 |  58 |  31 |
+----+-----+-----+


9. Device Cell Placement Summary for Global Clock g3
----------------------------------------------------

+-----------+-----------------+-------------------+------------------+-------------+----------------+-------------+----------+----------------+----------+-------------------+
| Global Id | Driver Type/Pin | Driver Region (D) | Clock            | Period (ns) | Waveform (ns)  | Slice Loads | IO Loads | Clocking Loads | GT Loads | Net               |
+-----------+-----------------+-------------------+------------------+-------------+----------------+-------------+----------+----------------+----------+-------------------+
| g3        | BUFG/O          | n/a               | clk_out2_PLL_108 |      40.000 | {0.000 20.000} |          98 |        2 |              0 |        0 | u11/inst/clk_out2 |
+-----------+-----------------+-------------------+------------------+-------------+----------------+-------------+----------+----------------+----------+-------------------+
* Logic Loads column represents load cell count of all cell types other than IO, GT and clock resources
** IO Loads column represents load cell count of IO types
*** Clocking Loads column represents load cell count that are clock resources (global clock buffer, MMCM, PLL, etc)
**** GT Loads column represents load cell count of GT types


+----+------+----+
|    | X0   | X1 |
+----+------+----+
| Y2 |    0 |  0 |
| Y1 |    0 |  0 |
| Y0 |  100 |  0 |
+----+------+----+


10. Device Cell Placement Summary for Global Clock g4
-----------------------------------------------------

+-----------+-----------------+-------------------+------------------+-------------+----------------+-------------+----------+----------------+----------+-------------------+
| Global Id | Driver Type/Pin | Driver Region (D) | Clock            | Period (ns) | Waveform (ns)  | Slice Loads | IO Loads | Clocking Loads | GT Loads | Net               |
+-----------+-----------------+-------------------+------------------+-------------+----------------+-------------+----------+----------------+----------+-------------------+
| g4        | BUFG/O          | n/a               | clk_out1_PLL_108 |      20.000 | {0.000 10.000} |          25 |        0 |              0 |        0 | u11/inst/clk_out1 |
+-----------+-----------------+-------------------+------------------+-------------+----------------+-------------+----------+----------------+----------+-------------------+
* Logic Loads column represents load cell count of all cell types other than IO, GT and clock resources
** IO Loads column represents load cell count of IO types
*** Clocking Loads column represents load cell count that are clock resources (global clock buffer, MMCM, PLL, etc)
**** GT Loads column represents load cell count of GT types


+----+-----+----+
|    | X0  | X1 |
+----+-----+----+
| Y2 |   0 |  0 |
| Y1 |   0 |  0 |
| Y0 |  25 |  0 |
+----+-----+----+


11. Device Cell Placement Summary for Global Clock g5
-----------------------------------------------------

+-----------+-----------------+-------------------+------------------+-------------+---------------+-------------+----------+----------------+----------+-------------------------------+
| Global Id | Driver Type/Pin | Driver Region (D) | Clock            | Period (ns) | Waveform (ns) | Slice Loads | IO Loads | Clocking Loads | GT Loads | Net                           |
+-----------+-----------------+-------------------+------------------+-------------+---------------+-------------+----------+----------------+----------+-------------------------------+
| g5        | BUFG/O          | n/a               | clkfbout_PLL_108 |      10.000 | {0.000 5.000} |           0 |        0 |              1 |        0 | u11/inst/clkfbout_buf_PLL_108 |
+-----------+-----------------+-------------------+------------------+-------------+---------------+-------------+----------+----------------+----------+-------------------------------+
* Logic Loads column represents load cell count of all cell types other than IO, GT and clock resources
** IO Loads column represents load cell count of IO types
*** Clocking Loads column represents load cell count that are clock resources (global clock buffer, MMCM, PLL, etc)
**** GT Loads column represents load cell count of GT types


+----+----+----+
|    | X0 | X1 |
+----+----+----+
| Y2 |  0 |  0 |
| Y1 |  0 |  0 |
| Y0 |  1 |  0 |
+----+----+----+


12. Clock Region Cell Placement per Global Clock: Region X0Y0
-------------------------------------------------------------

+-----------+-------+-----------------+------------+-------------+-----------------+----+--------+------+-----+----+------+-----+---------+-------------------------------+
| Global Id | Track | Driver Type/Pin | Constraint | Clock Loads | Non-Clock Loads | FF | LUTRAM | RAMB | DSP | GT | MMCM | PLL | Hard IP | Net                           |
+-----------+-------+-----------------+------------+-------------+-----------------+----+--------+------+-----+----+------+-----+---------+-------------------------------+
| g0        | n/a   | BUFG/O          | None       |         104 |               0 | 75 |      0 |   29 |   0 |  0 |    0 |   0 |       0 | u11/inst/clk_out3             |
| g1        | n/a   | BUFG/O          | None       |          85 |               0 | 67 |      0 |   18 |   0 |  0 |    0 |   0 |       0 | OV7670_PCLK_2_IBUF_BUFG       |
| g2        | n/a   | BUFG/O          | None       |          58 |               0 | 47 |      0 |   11 |   0 |  0 |    0 |   0 |       0 | OV7670_PCLK_IBUF_BUFG         |
| g3        | n/a   | BUFG/O          | None       |          98 |               2 | 98 |      0 |    0 |   0 |  0 |    0 |   0 |       0 | u11/inst/clk_out2             |
| g4        | n/a   | BUFG/O          | None       |          25 |               0 | 25 |      0 |    0 |   0 |  0 |    0 |   0 |       0 | u11/inst/clk_out1             |
| g5        | n/a   | BUFG/O          | None       |           1 |               0 |  0 |      0 |    0 |   0 |  0 |    1 |   0 |       0 | u11/inst/clkfbout_buf_PLL_108 |
+-----------+-------+-----------------+------------+-------------+-----------------+----+--------+------+-----+----+------+-----+---------+-------------------------------+
* Clock Loads column represents the clock pin loads (pin count)
** Non-Clock Loads column represents the non-clock pin loads (pin count)
*** Columns FF, LUTRAM, RAMB through 'Hard IP' represents load cell counts


13. Clock Region Cell Placement per Global Clock: Region X1Y0
-------------------------------------------------------------

+-----------+-------+-----------------+------------+-------------+-----------------+----+--------+------+-----+----+------+-----+---------+-------------------------+
| Global Id | Track | Driver Type/Pin | Constraint | Clock Loads | Non-Clock Loads | FF | LUTRAM | RAMB | DSP | GT | MMCM | PLL | Hard IP | Net                     |
+-----------+-------+-----------------+------------+-------------+-----------------+----+--------+------+-----+----+------+-----+---------+-------------------------+
| g0        | n/a   | BUFG/O          | None       |          33 |               1 |  7 |      0 |   22 |   0 |  0 |    0 |   0 |       0 | u11/inst/clk_out3       |
| g1        | n/a   | BUFG/O          | None       |          15 |               0 |  0 |      0 |   13 |   0 |  0 |    0 |   0 |       0 | OV7670_PCLK_2_IBUF_BUFG |
| g2        | n/a   | BUFG/O          | None       |          31 |               0 | 20 |      0 |    9 |   0 |  0 |    0 |   0 |       0 | OV7670_PCLK_IBUF_BUFG   |
+-----------+-------+-----------------+------------+-------------+-----------------+----+--------+------+-----+----+------+-----+---------+-------------------------+
* Clock Loads column represents the clock pin loads (pin count)
** Non-Clock Loads column represents the non-clock pin loads (pin count)
*** Columns FF, LUTRAM, RAMB through 'Hard IP' represents load cell counts


14. Clock Region Cell Placement per Global Clock: Region X0Y1
-------------------------------------------------------------

+-----------+-------+-----------------+------------+-------------+-----------------+----+--------+------+-----+----+------+-----+---------+-----------------------+
| Global Id | Track | Driver Type/Pin | Constraint | Clock Loads | Non-Clock Loads | FF | LUTRAM | RAMB | DSP | GT | MMCM | PLL | Hard IP | Net                   |
+-----------+-------+-----------------+------------+-------------+-----------------+----+--------+------+-----+----+------+-----+---------+-----------------------+
| g0        | n/a   | BUFG/O          | None       |           4 |               0 |  0 |      0 |    4 |   0 |  0 |    0 |   0 |       0 | u11/inst/clk_out3     |
| g2        | n/a   | BUFG/O          | None       |           4 |               0 |  0 |      0 |    4 |   0 |  0 |    0 |   0 |       0 | OV7670_PCLK_IBUF_BUFG |
+-----------+-------+-----------------+------------+-------------+-----------------+----+--------+------+-----+----+------+-----+---------+-----------------------+
* Clock Loads column represents the clock pin loads (pin count)
** Non-Clock Loads column represents the non-clock pin loads (pin count)
*** Columns FF, LUTRAM, RAMB through 'Hard IP' represents load cell counts


15. Clock Region Cell Placement per Global Clock: Region X1Y1
-------------------------------------------------------------

+-----------+-------+-----------------+------------+-------------+-----------------+----+--------+------+-----+----+------+-----+---------+-----------------------+
| Global Id | Track | Driver Type/Pin | Constraint | Clock Loads | Non-Clock Loads | FF | LUTRAM | RAMB | DSP | GT | MMCM | PLL | Hard IP | Net                   |
+-----------+-------+-----------------+------------+-------------+-----------------+----+--------+------+-----+----+------+-----+---------+-----------------------+
| g0        | n/a   | BUFG/O          | None       |           7 |               0 |  0 |      0 |    7 |   0 |  0 |    0 |   0 |       0 | u11/inst/clk_out3     |
| g2        | n/a   | BUFG/O          | None       |           7 |               0 |  0 |      0 |    7 |   0 |  0 |    0 |   0 |       0 | OV7670_PCLK_IBUF_BUFG |
+-----------+-------+-----------------+------------+-------------+-----------------+----+--------+------+-----+----+------+-----+---------+-----------------------+
* Clock Loads column represents the clock pin loads (pin count)
** Non-Clock Loads column represents the non-clock pin loads (pin count)
*** Columns FF, LUTRAM, RAMB through 'Hard IP' represents load cell counts



# Location of BUFG Primitives 
set_property LOC BUFGCTRL_X0Y5 [get_cells u11/inst/clkf_buf]
set_property LOC BUFGCTRL_X0Y0 [get_cells u11/inst/clkout3_buf]
set_property LOC BUFGCTRL_X0Y1 [get_cells u11/inst/clkout2_buf]
set_property LOC BUFGCTRL_X0Y4 [get_cells u11/inst/clkout1_buf]
set_property LOC BUFGCTRL_X0Y3 [get_cells OV7670_PCLK_IBUF_BUFG_inst]
set_property LOC BUFGCTRL_X0Y2 [get_cells OV7670_PCLK_2_IBUF_BUFG_inst]

# Location of IO Primitives which is load of clock spine
set_property LOC IOB_X1Y46 [get_cells VGA_CTRL_CLK_OBUF_inst]
set_property LOC IOB_X0Y1 [get_cells OV7670_XCLK_OBUF_inst]
set_property LOC IOB_X0Y43 [get_cells OV7670_XCLK_2_OBUF_inst]

# Location of clock ports
set_property LOC IOB_X0Y26 [get_ports CLOCK_100]
set_property LOC IOB_X0Y3 [get_ports OV7670_PCLK]
set_property LOC IOB_X0Y44 [get_ports OV7670_PCLK_2]

# Clock net "u11/inst/clk_out3" driven by instance "u11/inst/clkout3_buf" located at site "BUFGCTRL_X0Y0"
#startgroup
create_pblock {CLKAG_u11/inst/clk_out3}
add_cells_to_pblock [get_pblocks  {CLKAG_u11/inst/clk_out3}] [get_cells -filter { PRIMITIVE_GROUP != I/O && IS_PRIMITIVE==1 && PRIMITIVE_LEVEL !=INTERNAL && NAME!=VGA_CTRL_CLK_OBUF_inst} -of_object [get_pins -filter {DIRECTION==IN} -of_objects [get_nets -hierarchical -filter {PARENT=="u11/inst/clk_out3"}]]]
resize_pblock [get_pblocks {CLKAG_u11/inst/clk_out3}] -add {CLOCKREGION_X0Y0:CLOCKREGION_X0Y0 CLOCKREGION_X0Y1:CLOCKREGION_X0Y1 CLOCKREGION_X1Y0:CLOCKREGION_X1Y0 CLOCKREGION_X1Y1:CLOCKREGION_X1Y1}
#endgroup

# Clock net "u11/inst/clk_out2" driven by instance "u11/inst/clkout2_buf" located at site "BUFGCTRL_X0Y1"
#startgroup
create_pblock {CLKAG_u11/inst/clk_out2}
add_cells_to_pblock [get_pblocks  {CLKAG_u11/inst/clk_out2}] [get_cells -filter { PRIMITIVE_GROUP != I/O && IS_PRIMITIVE==1 && PRIMITIVE_LEVEL !=INTERNAL && NAME!=OV7670_XCLK_OBUF_inst && NAME!=OV7670_XCLK_2_OBUF_inst} -of_object [get_pins -filter {DIRECTION==IN} -of_objects [get_nets -hierarchical -filter {PARENT=="u11/inst/clk_out2"}]]]
resize_pblock [get_pblocks {CLKAG_u11/inst/clk_out2}] -add {CLOCKREGION_X0Y0:CLOCKREGION_X0Y0}
#endgroup

# Clock net "u11/inst/clk_out1" driven by instance "u11/inst/clkout1_buf" located at site "BUFGCTRL_X0Y4"
#startgroup
create_pblock {CLKAG_u11/inst/clk_out1}
add_cells_to_pblock [get_pblocks  {CLKAG_u11/inst/clk_out1}] [get_cells -filter { PRIMITIVE_GROUP != I/O && IS_PRIMITIVE==1 && PRIMITIVE_LEVEL !=INTERNAL } -of_object [get_pins -filter {DIRECTION==IN} -of_objects [get_nets -hierarchical -filter {PARENT=="u11/inst/clk_out1"}]]]
resize_pblock [get_pblocks {CLKAG_u11/inst/clk_out1}] -add {CLOCKREGION_X0Y0:CLOCKREGION_X0Y0}
#endgroup

# Clock net "OV7670_PCLK_IBUF_BUFG" driven by instance "OV7670_PCLK_IBUF_BUFG_inst" located at site "BUFGCTRL_X0Y3"
#startgroup
create_pblock {CLKAG_OV7670_PCLK_IBUF_BUFG}
add_cells_to_pblock [get_pblocks  {CLKAG_OV7670_PCLK_IBUF_BUFG}] [get_cells -filter { PRIMITIVE_GROUP != I/O && IS_PRIMITIVE==1 && PRIMITIVE_LEVEL !=INTERNAL } -of_object [get_pins -filter {DIRECTION==IN} -of_objects [get_nets -hierarchical -filter {PARENT=="OV7670_PCLK_IBUF_BUFG"}]]]
resize_pblock [get_pblocks {CLKAG_OV7670_PCLK_IBUF_BUFG}] -add {CLOCKREGION_X0Y0:CLOCKREGION_X0Y0 CLOCKREGION_X0Y1:CLOCKREGION_X0Y1 CLOCKREGION_X1Y0:CLOCKREGION_X1Y0 CLOCKREGION_X1Y1:CLOCKREGION_X1Y1}
#endgroup

# Clock net "OV7670_PCLK_2_IBUF_BUFG" driven by instance "OV7670_PCLK_2_IBUF_BUFG_inst" located at site "BUFGCTRL_X0Y2"
#startgroup
create_pblock {CLKAG_OV7670_PCLK_2_IBUF_BUFG}
add_cells_to_pblock [get_pblocks  {CLKAG_OV7670_PCLK_2_IBUF_BUFG}] [get_cells -filter { PRIMITIVE_GROUP != I/O && IS_PRIMITIVE==1 && PRIMITIVE_LEVEL !=INTERNAL } -of_object [get_pins -filter {DIRECTION==IN} -of_objects [get_nets -hierarchical -filter {PARENT=="OV7670_PCLK_2_IBUF_BUFG"}]]]
resize_pblock [get_pblocks {CLKAG_OV7670_PCLK_2_IBUF_BUFG}] -add {CLOCKREGION_X0Y0:CLOCKREGION_X0Y0 CLOCKREGION_X1Y0:CLOCKREGION_X1Y0}
#endgroup
