#-----------------------------------------------------------
# Vivado v2018.1 (64-bit)
# SW Build 2188600 on Wed Apr  4 18:40:38 MDT 2018
# IP Build 2185939 on Wed Apr  4 20:55:05 MDT 2018
# Start of session at: Tue Aug 13 10:13:41 2019
# Process ID: 12848
# Current directory: C:/Users/84646/Desktop/Ne/double_camera/2_cam
# Command line: vivado.exe -gui_launcher_event rodinguilauncherevent9948 C:\Users\84646\Desktop\Ne\double_camera\2_cam\2_cam.xpr
# Log file: C:/Users/84646/Desktop/Ne/double_camera/2_cam/vivado.log
# Journal file: C:/Users/84646/Desktop/Ne/double_camera/2_cam\vivado.jou
#-----------------------------------------------------------
start_gui
open_project C:/Users/84646/Desktop/Ne/double_camera/2_cam/2_cam.xpr
Scanning sources...
Finished scanning sources
INFO: [IP_Flow 19-234] Refreshing IP repositories
INFO: [IP_Flow 19-1704] No user IP repositories specified
INFO: [IP_Flow 19-2313] Loaded Vivado IP repository 'C:/Xilinx/Vivado/2018.1/data/ip'.
WARNING: [BD 41-1661] One or more IPs have been locked in the design 'integrated_design.bd'. Please run report_ip_status for more details and recommendations on how to fix this issue.
List of locked IPs:
integrated_design_axi_vdma_0_0
integrated_design_OV_CAM_0_0
integrated_design_auto_pc_0
integrated_design_xlconcat_0_0
integrated_design_xlconstant_0_0
integrated_design_v_vid_in_axi4s_0_0
integrated_design_rst_ps7_0_100M_0
integrated_design_clk_wiz_0_0
integrated_design_processing_system7_0_0
integrated_design_ps7_0_axi_periph_0
integrated_design_auto_pc_4
integrated_design_preprocess_0_0
integrated_design_axi_mem_intercon_0
integrated_design_rst_ps7_0_150M_0
integrated_design_stereo_0_0
integrated_design_v_tc_0_0
integrated_design_axi_mem_intercon_2_0
integrated_design_axi_mem_intercon_1_1
integrated_design_v_axi4s_vid_out_0_0
integrated_design_xlconstant_1_0
integrated_design_OV_CAM_L_0
integrated_design_v_vid_in_axi4s_0_1
integrated_design_axi_vdma_1_0
integrated_design_axis_broadcaster_0_0
integrated_design_axi_vdma_0_1
integrated_design_auto_pc_1
integrated_design_xlconcat_1_0
integrated_design_axis_broadcaster_1_0
integrated_design_axi_vdma_2_0
integrated_design_axi_vdma_3_0
integrated_design_axi_vdma_2_1
integrated_design_preprocess_0_1
integrated_design_axi_vdma_2_2
integrated_design_axi_mem_intercon_3_0
integrated_design_rgb2dvi_0_0
integrated_design_xbar_0
integrated_design_xbar_2
integrated_design_xbar_3
integrated_design_xbar_1
integrated_design_xbar_4
integrated_design_auto_pc_2
integrated_design_auto_pc_3

open_project: Time (s): cpu = 00:00:28 ; elapsed = 00:00:18 . Memory (MB): peak = 928.805 ; gain = 191.535
update_compile_order -fileset sources_1
open_bd_design {C:/Users/84646/Desktop/integration.srcs/sources_1/bd/integrated_design/integrated_design.bd}
CRITICAL WARNING: [BD 41-52] Could not find the abstraction definition specified by the vlnv: digilentinc.com:interface:tmds_rtl:1.0 
CRITICAL WARNING: [BD 41-181] Type specified by the VLNV: 'digilentinc.com:interface:tmds_rtl:1.0', cannot be found. Interface port: 'TMDS' cannot be created
Adding cell -- xilinx.com:ip:axi_vdma:6.2 - axi_vdma_0
Adding cell -- xilinx.com:ip:axi_vdma:6.2 - axi_vdma_1
Adding cell -- xilinx.com:ip:axi_vdma:6.2 - axi_vdma_2
Adding cell -- xilinx.com:ip:axi_vdma:6.2 - axi_vdma_3
Adding cell -- xilinx.com:ip:axi_vdma:6.2 - axi_vdma_4
Adding cell -- xilinx.com:ip:axi_vdma:6.2 - axi_vdma_5
Adding cell -- xilinx.com:ip:clk_wiz:5.3 - clk_wiz_0
Adding cell -- xilinx.com:hls:preprocess:1.0 - preprocess_0
Adding cell -- xilinx.com:hls:preprocess:1.0 - preprocess_1
Adding cell -- xilinx.com:ip:processing_system7:5.5 - processing_system7_0
Adding cell -- xilinx.com:ip:proc_sys_reset:5.0 - rst_ps7_0_50M
Adding cell -- xilinx.com:ip:proc_sys_reset:5.0 - rst_ps7_0_100M
Adding cell -- xilinx.com:ip:xlconcat:2.1 - xlconcat_0
Adding cell -- xilinx.com:ip:xlconcat:2.1 - xlconcat_1
Adding cell -- xilinx.com:ip:xlconstant:1.1 - GND
Adding cell -- xilinx.com:ip:xlconstant:1.1 - VCC
Adding cell -- xilinx.com:ip:axis_broadcaster:1.1 - axis_broadcaster_0
Adding cell -- xilinx.com:ip:axis_broadcaster:1.1 - axis_broadcaster_1
Adding cell -- xilinx.com:ip:axi_vdma:6.2 - axi_vdma_6
Adding cell -- xilinx.com:hls:stereo:1.0 - stereo_0
CRITICAL WARNING: [BD 41-52] Could not find the abstraction definition specified by the vlnv: digilentinc.com:interface:tmds_rtl:1.0 
CRITICAL WARNING: [BD 41-181] Type specified by the VLNV: 'digilentinc.com:interface:tmds_rtl:1.0', cannot be found. Interface port: 'hdmi_out' cannot be created
CRITICAL WARNING: [BD 41-52] Could not find the abstraction definition specified by the vlnv: digilentinc.com:interface:tmds_rtl:1.0 
CRITICAL WARNING: [BD 41-181] Type specified by the VLNV: 'digilentinc.com:interface:tmds_rtl:1.0', cannot be found. Interface port: 'hdmi_out' cannot be created
Adding cell -- xilinx.com:ip:axi_crossbar:2.1 - xbar
Adding cell -- xilinx.com:ip:axi_protocol_converter:2.1 - auto_pc
Adding cell -- xilinx.com:ip:axi_crossbar:2.1 - xbar
Adding cell -- xilinx.com:ip:axi_protocol_converter:2.1 - auto_pc
Adding cell -- xilinx.com:ip:axi_crossbar:2.1 - xbar
Adding cell -- xilinx.com:ip:axi_protocol_converter:2.1 - auto_pc
Adding cell -- xilinx.com:ip:axi_crossbar:2.1 - xbar
Adding cell -- xilinx.com:ip:axi_protocol_converter:2.1 - auto_pc
Adding cell -- xilinx.com:ip:axi_crossbar:2.1 - xbar
Adding cell -- xilinx.com:ip:axi_protocol_converter:2.1 - auto_pc
Adding cell -- digilentinc.com:ip:rgb2dvi:1.3 - rgb2dvi_0
CRITICAL WARNING: [BD 41-51] Could not find bus definition for the interface: TMDS 
CRITICAL WARNING: [BD 41-49] Could not find abstraction definition for the interface: TMDS 
CRITICAL WARNING: [BD 41-49] Could not find abstraction definition for the interface: TMDS 
Adding cell -- xilinx.com:ip:v_axi4s_vid_out:4.0 - v_axi4s_vid_out_0
Adding cell -- xilinx.com:ip:v_tc:6.1 - v_tc_0
CRITICAL WARNING: [BD 41-52] Could not find the abstraction definition specified by the vlnv: digilentinc.com:interface:tmds_rtl:1.0 
CRITICAL WARNING: [BD 41-181] Type specified by the VLNV: 'digilentinc.com:interface:tmds_rtl:1.0', cannot be found. Interface port: 'TMDS' cannot be created
CRITICAL WARNING: [BD 41-52] Could not find the abstraction definition specified by the vlnv: digilentinc.com:interface:tmds_rtl:1.0 
CRITICAL WARNING: [BD 41-181] Type specified by the VLNV: 'digilentinc.com:interface:tmds_rtl:1.0', cannot be found. Interface port: 'TMDS' cannot be created
WARNING: [BD 41-1731] Type mismatch between connected pins: /AXIS2HDMI/vid_io_out_reset(rst) and /AXIS2HDMI/v_axi4s_vid_out_0/fid(undef)
Adding cell -- xilinx.com:ip:v_vid_in_axi4s:4.0 - v_vid_in_axi4s_0
Adding cell -- wuyingnan.me:user:OV_CAM:1.0 - OV_CAM_R
WARNING: [BD 41-1731] Type mismatch between connected pins: /OV2AXIS_R/OV_CAM_R/done(undef) and /OV2AXIS_R/v_vid_in_axi4s_0/vid_io_in_ce(ce)
WARNING: [BD 41-1731] Type mismatch between connected pins: /OV2AXIS_R/OV_CAM_R/pclk_out(undef) and /OV2AXIS_R/v_vid_in_axi4s_0/vid_io_in_clk(clk)
Adding cell -- xilinx.com:ip:v_vid_in_axi4s:4.0 - v_vid_in_axi4s_0
Adding cell -- wuyingnan.me:user:OV_CAM:1.0 - OV_CAM_L
WARNING: [BD 41-1731] Type mismatch between connected pins: /OV2AXIS_L/OV_CAM_L/done(undef) and /OV2AXIS_L/v_vid_in_axi4s_0/vid_io_in_ce(ce)
WARNING: [BD 41-1731] Type mismatch between connected pins: /OV2AXIS_L/OV_CAM_L/pclk_out(undef) and /OV2AXIS_L/v_vid_in_axi4s_0/vid_io_in_clk(clk)
Successfully read diagram <integrated_design> from BD file <C:/Users/84646/Desktop/integration.srcs/sources_1/bd/integrated_design/integrated_design.bd>
open_bd_design: Time (s): cpu = 00:00:10 ; elapsed = 00:00:08 . Memory (MB): peak = 1062.750 ; gain = 108.207
reset_run synth_1
launch_runs impl_1 -to_step write_bitstream -jobs 8
WARNING: [Vivado 12-4801] The synthesis checkpoint for IP 'C:/Users/84646/Desktop/integration.srcs/sources_1/bd/integrated_design/ip/integrated_design_OV_CAM_0_0/integrated_design_OV_CAM_0_0.xci' is available but stale and the IP is locked. An out-of-context (OOC) run will be created and/or launched, but synthesis may not be able to complete or could result in incorrect behavior.
Please select 'Report IP Status' from the 'Tools/Report' menu or run Tcl command 'report_ip_status' for more information.
WARNING: [Vivado 12-4801] The synthesis checkpoint for IP 'C:/Users/84646/Desktop/integration.srcs/sources_1/bd/integrated_design/ip/integrated_design_xlconstant_0_0/integrated_design_xlconstant_0_0.xci' is available but stale and the IP is locked. An out-of-context (OOC) run will be created and/or launched, but synthesis may not be able to complete or could result in incorrect behavior.
Please select 'Report IP Status' from the 'Tools/Report' menu or run Tcl command 'report_ip_status' for more information.
WARNING: [Vivado 12-4801] The synthesis checkpoint for IP 'C:/Users/84646/Desktop/integration.srcs/sources_1/bd/integrated_design/ip/integrated_design_v_vid_in_axi4s_0_0/integrated_design_v_vid_in_axi4s_0_0.xci' is available but stale and the IP is locked. An out-of-context (OOC) run will be created and/or launched, but synthesis may not be able to complete or could result in incorrect behavior.
Please select 'Report IP Status' from the 'Tools/Report' menu or run Tcl command 'report_ip_status' for more information.
WARNING: [Vivado 12-4801] The synthesis checkpoint for IP 'C:/Users/84646/Desktop/integration.srcs/sources_1/bd/integrated_design/ip/integrated_design_clk_wiz_0_0/integrated_design_clk_wiz_0_0.xci' is available but stale and the IP is locked. An out-of-context (OOC) run will be created and/or launched, but synthesis may not be able to complete or could result in incorrect behavior.
Please select 'Report IP Status' from the 'Tools/Report' menu or run Tcl command 'report_ip_status' for more information.
WARNING: [Vivado 12-4801] The synthesis checkpoint for IP 'C:/Users/84646/Desktop/integration.srcs/sources_1/bd/integrated_design/ip/integrated_design_xlconcat_0_0/integrated_design_xlconcat_0_0.xci' is available but stale and the IP is locked. An out-of-context (OOC) run will be created and/or launched, but synthesis may not be able to complete or could result in incorrect behavior.
Please select 'Report IP Status' from the 'Tools/Report' menu or run Tcl command 'report_ip_status' for more information.
WARNING: [Vivado 12-4801] The synthesis checkpoint for IP 'C:/Users/84646/Desktop/integration.srcs/sources_1/bd/integrated_design/ip/integrated_design_processing_system7_0_0/integrated_design_processing_system7_0_0.xci' is available but stale and the IP is locked. An out-of-context (OOC) run will be created and/or launched, but synthesis may not be able to complete or could result in incorrect behavior.
Please select 'Report IP Status' from the 'Tools/Report' menu or run Tcl command 'report_ip_status' for more information.
WARNING: [Vivado 12-4801] The synthesis checkpoint for IP 'C:/Users/84646/Desktop/integration.srcs/sources_1/bd/integrated_design/ip/integrated_design_axi_vdma_0_0/integrated_design_axi_vdma_0_0.xci' is available but stale and the IP is locked. An out-of-context (OOC) run will be created and/or launched, but synthesis may not be able to complete or could result in incorrect behavior.
Please select 'Report IP Status' from the 'Tools/Report' menu or run Tcl command 'report_ip_status' for more information.
WARNING: [Vivado 12-4801] The synthesis checkpoint for IP 'C:/Users/84646/Desktop/integration.srcs/sources_1/bd/integrated_design/ip/integrated_design_rst_ps7_0_100M_0/integrated_design_rst_ps7_0_100M_0.xci' is available but stale and the IP is locked. An out-of-context (OOC) run will be created and/or launched, but synthesis may not be able to complete or could result in incorrect behavior.
Please select 'Report IP Status' from the 'Tools/Report' menu or run Tcl command 'report_ip_status' for more information.
WARNING: [Vivado 12-4801] The synthesis checkpoint for IP 'C:/Users/84646/Desktop/integration.srcs/sources_1/bd/integrated_design/ip/integrated_design_rst_ps7_0_150M_0/integrated_design_rst_ps7_0_150M_0.xci' is available but stale and the IP is locked. An out-of-context (OOC) run will be created and/or launched, but synthesis may not be able to complete or could result in incorrect behavior.
Please select 'Report IP Status' from the 'Tools/Report' menu or run Tcl command 'report_ip_status' for more information.
WARNING: [Vivado 12-4801] The synthesis checkpoint for IP 'C:/Users/84646/Desktop/integration.srcs/sources_1/bd/integrated_design/ip/integrated_design_v_tc_0_0/integrated_design_v_tc_0_0.xci' is available but stale and the IP is locked. An out-of-context (OOC) run will be created and/or launched, but synthesis may not be able to complete or could result in incorrect behavior.
Please select 'Report IP Status' from the 'Tools/Report' menu or run Tcl command 'report_ip_status' for more information.
WARNING: [Vivado 12-4801] The synthesis checkpoint for IP 'C:/Users/84646/Desktop/integration.srcs/sources_1/bd/integrated_design/ip/integrated_design_v_axi4s_vid_out_0_0/integrated_design_v_axi4s_vid_out_0_0.xci' is available but stale and the IP is locked. An out-of-context (OOC) run will be created and/or launched, but synthesis may not be able to complete or could result in incorrect behavior.
Please select 'Report IP Status' from the 'Tools/Report' menu or run Tcl command 'report_ip_status' for more information.
WARNING: [Vivado 12-4801] The synthesis checkpoint for IP 'C:/Users/84646/Desktop/integration.srcs/sources_1/bd/integrated_design/ip/integrated_design_xlconstant_1_0/integrated_design_xlconstant_1_0.xci' is available but stale and the IP is locked. An out-of-context (OOC) run will be created and/or launched, but synthesis may not be able to complete or could result in incorrect behavior.
Please select 'Report IP Status' from the 'Tools/Report' menu or run Tcl command 'report_ip_status' for more information.
WARNING: [Vivado 12-4801] The synthesis checkpoint for IP 'C:/Users/84646/Desktop/integration.srcs/sources_1/bd/integrated_design/ip/integrated_design_OV_CAM_L_0/integrated_design_OV_CAM_L_0.xci' is available but stale and the IP is locked. An out-of-context (OOC) run will be created and/or launched, but synthesis may not be able to complete or could result in incorrect behavior.
Please select 'Report IP Status' from the 'Tools/Report' menu or run Tcl command 'report_ip_status' for more information.
WARNING: [Vivado 12-4801] The synthesis checkpoint for IP 'C:/Users/84646/Desktop/integration.srcs/sources_1/bd/integrated_design/ip/integrated_design_v_vid_in_axi4s_0_1/integrated_design_v_vid_in_axi4s_0_1.xci' is available but stale and the IP is locked. An out-of-context (OOC) run will be created and/or launched, but synthesis may not be able to complete or could result in incorrect behavior.
Please select 'Report IP Status' from the 'Tools/Report' menu or run Tcl command 'report_ip_status' for more information.
WARNING: [Vivado 12-4801] The synthesis checkpoint for IP 'C:/Users/84646/Desktop/integration.srcs/sources_1/bd/integrated_design/ip/integrated_design_axi_vdma_0_1/integrated_design_axi_vdma_0_1.xci' is available but stale and the IP is locked. An out-of-context (OOC) run will be created and/or launched, but synthesis may not be able to complete or could result in incorrect behavior.
Please select 'Report IP Status' from the 'Tools/Report' menu or run Tcl command 'report_ip_status' for more information.
WARNING: [Vivado 12-4801] The synthesis checkpoint for IP 'C:/Users/84646/Desktop/integration.srcs/sources_1/bd/integrated_design/ip/integrated_design_xlconcat_1_0/integrated_design_xlconcat_1_0.xci' is available but stale and the IP is locked. An out-of-context (OOC) run will be created and/or launched, but synthesis may not be able to complete or could result in incorrect behavior.
Please select 'Report IP Status' from the 'Tools/Report' menu or run Tcl command 'report_ip_status' for more information.
WARNING: [Vivado 12-4801] The synthesis checkpoint for IP 'C:/Users/84646/Desktop/integration.srcs/sources_1/bd/integrated_design/ip/integrated_design_preprocess_0_0/integrated_design_preprocess_0_0.xci' is available but stale and the IP is locked. An out-of-context (OOC) run will be created and/or launched, but synthesis may not be able to complete or could result in incorrect behavior.
Please select 'Report IP Status' from the 'Tools/Report' menu or run Tcl command 'report_ip_status' for more information.
WARNING: [Vivado 12-4801] The synthesis checkpoint for IP 'C:/Users/84646/Desktop/integration.srcs/sources_1/bd/integrated_design/ip/integrated_design_axi_vdma_2_0/integrated_design_axi_vdma_2_0.xci' is available but stale and the IP is locked. An out-of-context (OOC) run will be created and/or launched, but synthesis may not be able to complete or could result in incorrect behavior.
Please select 'Report IP Status' from the 'Tools/Report' menu or run Tcl command 'report_ip_status' for more information.
WARNING: [Vivado 12-4801] The synthesis checkpoint for IP 'C:/Users/84646/Desktop/integration.srcs/sources_1/bd/integrated_design/ip/integrated_design_axi_vdma_2_1/integrated_design_axi_vdma_2_1.xci' is available but stale and the IP is locked. An out-of-context (OOC) run will be created and/or launched, but synthesis may not be able to complete or could result in incorrect behavior.
Please select 'Report IP Status' from the 'Tools/Report' menu or run Tcl command 'report_ip_status' for more information.
WARNING: [Vivado 12-4801] The synthesis checkpoint for IP 'C:/Users/84646/Desktop/integration.srcs/sources_1/bd/integrated_design/ip/integrated_design_preprocess_0_1/integrated_design_preprocess_0_1.xci' is available but stale and the IP is locked. An out-of-context (OOC) run will be created and/or launched, but synthesis may not be able to complete or could result in incorrect behavior.
Please select 'Report IP Status' from the 'Tools/Report' menu or run Tcl command 'report_ip_status' for more information.
WARNING: [Vivado 12-4801] The synthesis checkpoint for IP 'C:/Users/84646/Desktop/integration.srcs/sources_1/bd/integrated_design/ip/integrated_design_axi_vdma_2_2/integrated_design_axi_vdma_2_2.xci' is available but stale and the IP is locked. An out-of-context (OOC) run will be created and/or launched, but synthesis may not be able to complete or could result in incorrect behavior.
Please select 'Report IP Status' from the 'Tools/Report' menu or run Tcl command 'report_ip_status' for more information.
WARNING: [Vivado 12-4801] The synthesis checkpoint for IP 'C:/Users/84646/Desktop/integration.srcs/sources_1/bd/integrated_design/ip/integrated_design_axi_vdma_3_0/integrated_design_axi_vdma_3_0.xci' is available but stale and the IP is locked. An out-of-context (OOC) run will be created and/or launched, but synthesis may not be able to complete or could result in incorrect behavior.
Please select 'Report IP Status' from the 'Tools/Report' menu or run Tcl command 'report_ip_status' for more information.
WARNING: [Vivado 12-4801] The synthesis checkpoint for IP 'C:/Users/84646/Desktop/integration.srcs/sources_1/bd/integrated_design/ip/integrated_design_rgb2dvi_0_0/integrated_design_rgb2dvi_0_0.xci' is available but stale and the IP is locked. An out-of-context (OOC) run will be created and/or launched, but synthesis may not be able to complete or could result in incorrect behavior.
Please select 'Report IP Status' from the 'Tools/Report' menu or run Tcl command 'report_ip_status' for more information.
WARNING: [Vivado 12-4801] The synthesis checkpoint for IP 'C:/Users/84646/Desktop/integration.srcs/sources_1/bd/integrated_design/ip/integrated_design_xbar_0/integrated_design_xbar_0.xci' is available but stale and the IP is locked. An out-of-context (OOC) run will be created and/or launched, but synthesis may not be able to complete or could result in incorrect behavior.
Please select 'Report IP Status' from the 'Tools/Report' menu or run Tcl command 'report_ip_status' for more information.
WARNING: [Vivado 12-4801] The synthesis checkpoint for IP 'C:/Users/84646/Desktop/integration.srcs/sources_1/bd/integrated_design/ip/integrated_design_xbar_2/integrated_design_xbar_2.xci' is available but stale and the IP is locked. An out-of-context (OOC) run will be created and/or launched, but synthesis may not be able to complete or could result in incorrect behavior.
Please select 'Report IP Status' from the 'Tools/Report' menu or run Tcl command 'report_ip_status' for more information.
WARNING: [Vivado 12-4801] The synthesis checkpoint for IP 'C:/Users/84646/Desktop/integration.srcs/sources_1/bd/integrated_design/ip/integrated_design_xbar_3/integrated_design_xbar_3.xci' is available but stale and the IP is locked. An out-of-context (OOC) run will be created and/or launched, but synthesis may not be able to complete or could result in incorrect behavior.
Please select 'Report IP Status' from the 'Tools/Report' menu or run Tcl command 'report_ip_status' for more information.
WARNING: [Vivado 12-4801] The synthesis checkpoint for IP 'C:/Users/84646/Desktop/integration.srcs/sources_1/bd/integrated_design/ip/integrated_design_xbar_1/integrated_design_xbar_1.xci' is available but stale and the IP is locked. An out-of-context (OOC) run will be created and/or launched, but synthesis may not be able to complete or could result in incorrect behavior.
Please select 'Report IP Status' from the 'Tools/Report' menu or run Tcl command 'report_ip_status' for more information.
WARNING: [Vivado 12-4801] The synthesis checkpoint for IP 'C:/Users/84646/Desktop/integration.srcs/sources_1/bd/integrated_design/ip/integrated_design_stereo_0_0/integrated_design_stereo_0_0.xci' is available but stale and the IP is locked. An out-of-context (OOC) run will be created and/or launched, but synthesis may not be able to complete or could result in incorrect behavior.
Please select 'Report IP Status' from the 'Tools/Report' menu or run Tcl command 'report_ip_status' for more information.
WARNING: [Vivado 12-4801] The synthesis checkpoint for IP 'C:/Users/84646/Desktop/integration.srcs/sources_1/bd/integrated_design/ip/integrated_design_axis_broadcaster_0_0/integrated_design_axis_broadcaster_0_0.xci' is available but stale and the IP is locked. An out-of-context (OOC) run will be created and/or launched, but synthesis may not be able to complete or could result in incorrect behavior.
Please select 'Report IP Status' from the 'Tools/Report' menu or run Tcl command 'report_ip_status' for more information.
WARNING: [Vivado 12-4801] The synthesis checkpoint for IP 'C:/Users/84646/Desktop/integration.srcs/sources_1/bd/integrated_design/ip/integrated_design_axis_broadcaster_1_0/integrated_design_axis_broadcaster_1_0.xci' is available but stale and the IP is locked. An out-of-context (OOC) run will be created and/or launched, but synthesis may not be able to complete or could result in incorrect behavior.
Please select 'Report IP Status' from the 'Tools/Report' menu or run Tcl command 'report_ip_status' for more information.
WARNING: [Vivado 12-4801] The synthesis checkpoint for IP 'C:/Users/84646/Desktop/integration.srcs/sources_1/bd/integrated_design/ip/integrated_design_axi_vdma_1_0/integrated_design_axi_vdma_1_0.xci' is available but stale and the IP is locked. An out-of-context (OOC) run will be created and/or launched, but synthesis may not be able to complete or could result in incorrect behavior.
Please select 'Report IP Status' from the 'Tools/Report' menu or run Tcl command 'report_ip_status' for more information.
WARNING: [Vivado 12-4801] The synthesis checkpoint for IP 'C:/Users/84646/Desktop/integration.srcs/sources_1/bd/integrated_design/ip/integrated_design_xbar_4/integrated_design_xbar_4.xci' is available but stale and the IP is locked. An out-of-context (OOC) run will be created and/or launched, but synthesis may not be able to complete or could result in incorrect behavior.
Please select 'Report IP Status' from the 'Tools/Report' menu or run Tcl command 'report_ip_status' for more information.
WARNING: [Vivado 12-4801] The synthesis checkpoint for IP 'C:/Users/84646/Desktop/integration.srcs/sources_1/bd/integrated_design/ip/integrated_design_auto_pc_0/integrated_design_auto_pc_0.xci' is available but stale and the IP is locked. An out-of-context (OOC) run will be created and/or launched, but synthesis may not be able to complete or could result in incorrect behavior.
Please select 'Report IP Status' from the 'Tools/Report' menu or run Tcl command 'report_ip_status' for more information.
WARNING: [Vivado 12-4801] The synthesis checkpoint for IP 'C:/Users/84646/Desktop/integration.srcs/sources_1/bd/integrated_design/ip/integrated_design_auto_pc_1/integrated_design_auto_pc_1.xci' is available but stale and the IP is locked. An out-of-context (OOC) run will be created and/or launched, but synthesis may not be able to complete or could result in incorrect behavior.
Please select 'Report IP Status' from the 'Tools/Report' menu or run Tcl command 'report_ip_status' for more information.
WARNING: [Vivado 12-4801] The synthesis checkpoint for IP 'C:/Users/84646/Desktop/integration.srcs/sources_1/bd/integrated_design/ip/integrated_design_auto_pc_2/integrated_design_auto_pc_2.xci' is available but stale and the IP is locked. An out-of-context (OOC) run will be created and/or launched, but synthesis may not be able to complete or could result in incorrect behavior.
Please select 'Report IP Status' from the 'Tools/Report' menu or run Tcl command 'report_ip_status' for more information.
WARNING: [Vivado 12-4801] The synthesis checkpoint for IP 'C:/Users/84646/Desktop/integration.srcs/sources_1/bd/integrated_design/ip/integrated_design_auto_pc_3/integrated_design_auto_pc_3.xci' is available but stale and the IP is locked. An out-of-context (OOC) run will be created and/or launched, but synthesis may not be able to complete or could result in incorrect behavior.
Please select 'Report IP Status' from the 'Tools/Report' menu or run Tcl command 'report_ip_status' for more information.
WARNING: [Vivado 12-4801] The synthesis checkpoint for IP 'C:/Users/84646/Desktop/integration.srcs/sources_1/bd/integrated_design/ip/integrated_design_auto_pc_4/integrated_design_auto_pc_4.xci' is available but stale and the IP is locked. An out-of-context (OOC) run will be created and/or launched, but synthesis may not be able to complete or could result in incorrect behavior.
Please select 'Report IP Status' from the 'Tools/Report' menu or run Tcl command 'report_ip_status' for more information.
[Tue Aug 13 10:37:26 2019] Launched synth_1...
Run output will be captured here: C:/Users/84646/Desktop/Ne/double_camera/2_cam/2_cam.runs/synth_1/runme.log
[Tue Aug 13 10:37:26 2019] Launched impl_1...
Run output will be captured here: C:/Users/84646/Desktop/Ne/double_camera/2_cam/2_cam.runs/impl_1/runme.log
open_bd_design {C:/Users/84646/Desktop/integration.srcs/sources_1/bd/integrated_design/integrated_design.bd}
close_bd_design [get_bd_designs integrated_design]
reset_run impl_1 -prev_step 
launch_runs impl_1 -to_step write_bitstream -jobs 8
WARNING: [Vivado 12-4801] The synthesis checkpoint for IP 'C:/Users/84646/Desktop/integration.srcs/sources_1/bd/integrated_design/ip/integrated_design_OV_CAM_0_0/integrated_design_OV_CAM_0_0.xci' is available but stale and the IP is locked. An out-of-context (OOC) run will be created and/or launched, but synthesis may not be able to complete or could result in incorrect behavior.
Please select 'Report IP Status' from the 'Tools/Report' menu or run Tcl command 'report_ip_status' for more information.
WARNING: [Vivado 12-4801] The synthesis checkpoint for IP 'C:/Users/84646/Desktop/integration.srcs/sources_1/bd/integrated_design/ip/integrated_design_xlconstant_0_0/integrated_design_xlconstant_0_0.xci' is available but stale and the IP is locked. An out-of-context (OOC) run will be created and/or launched, but synthesis may not be able to complete or could result in incorrect behavior.
Please select 'Report IP Status' from the 'Tools/Report' menu or run Tcl command 'report_ip_status' for more information.
WARNING: [Vivado 12-4801] The synthesis checkpoint for IP 'C:/Users/84646/Desktop/integration.srcs/sources_1/bd/integrated_design/ip/integrated_design_v_vid_in_axi4s_0_0/integrated_design_v_vid_in_axi4s_0_0.xci' is available but stale and the IP is locked. An out-of-context (OOC) run will be created and/or launched, but synthesis may not be able to complete or could result in incorrect behavior.
Please select 'Report IP Status' from the 'Tools/Report' menu or run Tcl command 'report_ip_status' for more information.
WARNING: [Vivado 12-4801] The synthesis checkpoint for IP 'C:/Users/84646/Desktop/integration.srcs/sources_1/bd/integrated_design/ip/integrated_design_clk_wiz_0_0/integrated_design_clk_wiz_0_0.xci' is available but stale and the IP is locked. An out-of-context (OOC) run will be created and/or launched, but synthesis may not be able to complete or could result in incorrect behavior.
Please select 'Report IP Status' from the 'Tools/Report' menu or run Tcl command 'report_ip_status' for more information.
WARNING: [Vivado 12-4801] The synthesis checkpoint for IP 'C:/Users/84646/Desktop/integration.srcs/sources_1/bd/integrated_design/ip/integrated_design_xlconcat_0_0/integrated_design_xlconcat_0_0.xci' is available but stale and the IP is locked. An out-of-context (OOC) run will be created and/or launched, but synthesis may not be able to complete or could result in incorrect behavior.
Please select 'Report IP Status' from the 'Tools/Report' menu or run Tcl command 'report_ip_status' for more information.
WARNING: [Vivado 12-4801] The synthesis checkpoint for IP 'C:/Users/84646/Desktop/integration.srcs/sources_1/bd/integrated_design/ip/integrated_design_processing_system7_0_0/integrated_design_processing_system7_0_0.xci' is available but stale and the IP is locked. An out-of-context (OOC) run will be created and/or launched, but synthesis may not be able to complete or could result in incorrect behavior.
Please select 'Report IP Status' from the 'Tools/Report' menu or run Tcl command 'report_ip_status' for more information.
WARNING: [Vivado 12-4801] The synthesis checkpoint for IP 'C:/Users/84646/Desktop/integration.srcs/sources_1/bd/integrated_design/ip/integrated_design_axi_vdma_0_0/integrated_design_axi_vdma_0_0.xci' is available but stale and the IP is locked. An out-of-context (OOC) run will be created and/or launched, but synthesis may not be able to complete or could result in incorrect behavior.
Please select 'Report IP Status' from the 'Tools/Report' menu or run Tcl command 'report_ip_status' for more information.
WARNING: [Vivado 12-4801] The synthesis checkpoint for IP 'C:/Users/84646/Desktop/integration.srcs/sources_1/bd/integrated_design/ip/integrated_design_rst_ps7_0_100M_0/integrated_design_rst_ps7_0_100M_0.xci' is available but stale and the IP is locked. An out-of-context (OOC) run will be created and/or launched, but synthesis may not be able to complete or could result in incorrect behavior.
Please select 'Report IP Status' from the 'Tools/Report' menu or run Tcl command 'report_ip_status' for more information.
WARNING: [Vivado 12-4801] The synthesis checkpoint for IP 'C:/Users/84646/Desktop/integration.srcs/sources_1/bd/integrated_design/ip/integrated_design_rst_ps7_0_150M_0/integrated_design_rst_ps7_0_150M_0.xci' is available but stale and the IP is locked. An out-of-context (OOC) run will be created and/or launched, but synthesis may not be able to complete or could result in incorrect behavior.
Please select 'Report IP Status' from the 'Tools/Report' menu or run Tcl command 'report_ip_status' for more information.
WARNING: [Vivado 12-4801] The synthesis checkpoint for IP 'C:/Users/84646/Desktop/integration.srcs/sources_1/bd/integrated_design/ip/integrated_design_v_tc_0_0/integrated_design_v_tc_0_0.xci' is available but stale and the IP is locked. An out-of-context (OOC) run will be created and/or launched, but synthesis may not be able to complete or could result in incorrect behavior.
Please select 'Report IP Status' from the 'Tools/Report' menu or run Tcl command 'report_ip_status' for more information.
WARNING: [Vivado 12-4801] The synthesis checkpoint for IP 'C:/Users/84646/Desktop/integration.srcs/sources_1/bd/integrated_design/ip/integrated_design_v_axi4s_vid_out_0_0/integrated_design_v_axi4s_vid_out_0_0.xci' is available but stale and the IP is locked. An out-of-context (OOC) run will be created and/or launched, but synthesis may not be able to complete or could result in incorrect behavior.
Please select 'Report IP Status' from the 'Tools/Report' menu or run Tcl command 'report_ip_status' for more information.
WARNING: [Vivado 12-4801] The synthesis checkpoint for IP 'C:/Users/84646/Desktop/integration.srcs/sources_1/bd/integrated_design/ip/integrated_design_xlconstant_1_0/integrated_design_xlconstant_1_0.xci' is available but stale and the IP is locked. An out-of-context (OOC) run will be created and/or launched, but synthesis may not be able to complete or could result in incorrect behavior.
Please select 'Report IP Status' from the 'Tools/Report' menu or run Tcl command 'report_ip_status' for more information.
WARNING: [Vivado 12-4801] The synthesis checkpoint for IP 'C:/Users/84646/Desktop/integration.srcs/sources_1/bd/integrated_design/ip/integrated_design_OV_CAM_L_0/integrated_design_OV_CAM_L_0.xci' is available but stale and the IP is locked. An out-of-context (OOC) run will be created and/or launched, but synthesis may not be able to complete or could result in incorrect behavior.
Please select 'Report IP Status' from the 'Tools/Report' menu or run Tcl command 'report_ip_status' for more information.
WARNING: [Vivado 12-4801] The synthesis checkpoint for IP 'C:/Users/84646/Desktop/integration.srcs/sources_1/bd/integrated_design/ip/integrated_design_v_vid_in_axi4s_0_1/integrated_design_v_vid_in_axi4s_0_1.xci' is available but stale and the IP is locked. An out-of-context (OOC) run will be created and/or launched, but synthesis may not be able to complete or could result in incorrect behavior.
Please select 'Report IP Status' from the 'Tools/Report' menu or run Tcl command 'report_ip_status' for more information.
WARNING: [Vivado 12-4801] The synthesis checkpoint for IP 'C:/Users/84646/Desktop/integration.srcs/sources_1/bd/integrated_design/ip/integrated_design_axi_vdma_0_1/integrated_design_axi_vdma_0_1.xci' is available but stale and the IP is locked. An out-of-context (OOC) run will be created and/or launched, but synthesis may not be able to complete or could result in incorrect behavior.
Please select 'Report IP Status' from the 'Tools/Report' menu or run Tcl command 'report_ip_status' for more information.
WARNING: [Vivado 12-4801] The synthesis checkpoint for IP 'C:/Users/84646/Desktop/integration.srcs/sources_1/bd/integrated_design/ip/integrated_design_xlconcat_1_0/integrated_design_xlconcat_1_0.xci' is available but stale and the IP is locked. An out-of-context (OOC) run will be created and/or launched, but synthesis may not be able to complete or could result in incorrect behavior.
Please select 'Report IP Status' from the 'Tools/Report' menu or run Tcl command 'report_ip_status' for more information.
WARNING: [Vivado 12-4801] The synthesis checkpoint for IP 'C:/Users/84646/Desktop/integration.srcs/sources_1/bd/integrated_design/ip/integrated_design_preprocess_0_0/integrated_design_preprocess_0_0.xci' is available but stale and the IP is locked. An out-of-context (OOC) run will be created and/or launched, but synthesis may not be able to complete or could result in incorrect behavior.
Please select 'Report IP Status' from the 'Tools/Report' menu or run Tcl command 'report_ip_status' for more information.
WARNING: [Vivado 12-4801] The synthesis checkpoint for IP 'C:/Users/84646/Desktop/integration.srcs/sources_1/bd/integrated_design/ip/integrated_design_axi_vdma_2_0/integrated_design_axi_vdma_2_0.xci' is available but stale and the IP is locked. An out-of-context (OOC) run will be created and/or launched, but synthesis may not be able to complete or could result in incorrect behavior.
Please select 'Report IP Status' from the 'Tools/Report' menu or run Tcl command 'report_ip_status' for more information.
WARNING: [Vivado 12-4801] The synthesis checkpoint for IP 'C:/Users/84646/Desktop/integration.srcs/sources_1/bd/integrated_design/ip/integrated_design_axi_vdma_2_1/integrated_design_axi_vdma_2_1.xci' is available but stale and the IP is locked. An out-of-context (OOC) run will be created and/or launched, but synthesis may not be able to complete or could result in incorrect behavior.
Please select 'Report IP Status' from the 'Tools/Report' menu or run Tcl command 'report_ip_status' for more information.
WARNING: [Vivado 12-4801] The synthesis checkpoint for IP 'C:/Users/84646/Desktop/integration.srcs/sources_1/bd/integrated_design/ip/integrated_design_preprocess_0_1/integrated_design_preprocess_0_1.xci' is available but stale and the IP is locked. An out-of-context (OOC) run will be created and/or launched, but synthesis may not be able to complete or could result in incorrect behavior.
Please select 'Report IP Status' from the 'Tools/Report' menu or run Tcl command 'report_ip_status' for more information.
WARNING: [Vivado 12-4801] The synthesis checkpoint for IP 'C:/Users/84646/Desktop/integration.srcs/sources_1/bd/integrated_design/ip/integrated_design_axi_vdma_2_2/integrated_design_axi_vdma_2_2.xci' is available but stale and the IP is locked. An out-of-context (OOC) run will be created and/or launched, but synthesis may not be able to complete or could result in incorrect behavior.
Please select 'Report IP Status' from the 'Tools/Report' menu or run Tcl command 'report_ip_status' for more information.
WARNING: [Vivado 12-4801] The synthesis checkpoint for IP 'C:/Users/84646/Desktop/integration.srcs/sources_1/bd/integrated_design/ip/integrated_design_axi_vdma_3_0/integrated_design_axi_vdma_3_0.xci' is available but stale and the IP is locked. An out-of-context (OOC) run will be created and/or launched, but synthesis may not be able to complete or could result in incorrect behavior.
Please select 'Report IP Status' from the 'Tools/Report' menu or run Tcl command 'report_ip_status' for more information.
WARNING: [Vivado 12-4801] The synthesis checkpoint for IP 'C:/Users/84646/Desktop/integration.srcs/sources_1/bd/integrated_design/ip/integrated_design_rgb2dvi_0_0/integrated_design_rgb2dvi_0_0.xci' is available but stale and the IP is locked. An out-of-context (OOC) run will be created and/or launched, but synthesis may not be able to complete or could result in incorrect behavior.
Please select 'Report IP Status' from the 'Tools/Report' menu or run Tcl command 'report_ip_status' for more information.
WARNING: [Vivado 12-4801] The synthesis checkpoint for IP 'C:/Users/84646/Desktop/integration.srcs/sources_1/bd/integrated_design/ip/integrated_design_xbar_0/integrated_design_xbar_0.xci' is available but stale and the IP is locked. An out-of-context (OOC) run will be created and/or launched, but synthesis may not be able to complete or could result in incorrect behavior.
Please select 'Report IP Status' from the 'Tools/Report' menu or run Tcl command 'report_ip_status' for more information.
WARNING: [Vivado 12-4801] The synthesis checkpoint for IP 'C:/Users/84646/Desktop/integration.srcs/sources_1/bd/integrated_design/ip/integrated_design_xbar_2/integrated_design_xbar_2.xci' is available but stale and the IP is locked. An out-of-context (OOC) run will be created and/or launched, but synthesis may not be able to complete or could result in incorrect behavior.
Please select 'Report IP Status' from the 'Tools/Report' menu or run Tcl command 'report_ip_status' for more information.
WARNING: [Vivado 12-4801] The synthesis checkpoint for IP 'C:/Users/84646/Desktop/integration.srcs/sources_1/bd/integrated_design/ip/integrated_design_xbar_3/integrated_design_xbar_3.xci' is available but stale and the IP is locked. An out-of-context (OOC) run will be created and/or launched, but synthesis may not be able to complete or could result in incorrect behavior.
Please select 'Report IP Status' from the 'Tools/Report' menu or run Tcl command 'report_ip_status' for more information.
WARNING: [Vivado 12-4801] The synthesis checkpoint for IP 'C:/Users/84646/Desktop/integration.srcs/sources_1/bd/integrated_design/ip/integrated_design_xbar_1/integrated_design_xbar_1.xci' is available but stale and the IP is locked. An out-of-context (OOC) run will be created and/or launched, but synthesis may not be able to complete or could result in incorrect behavior.
Please select 'Report IP Status' from the 'Tools/Report' menu or run Tcl command 'report_ip_status' for more information.
WARNING: [Vivado 12-4801] The synthesis checkpoint for IP 'C:/Users/84646/Desktop/integration.srcs/sources_1/bd/integrated_design/ip/integrated_design_stereo_0_0/integrated_design_stereo_0_0.xci' is available but stale and the IP is locked. An out-of-context (OOC) run will be created and/or launched, but synthesis may not be able to complete or could result in incorrect behavior.
Please select 'Report IP Status' from the 'Tools/Report' menu or run Tcl command 'report_ip_status' for more information.
WARNING: [Vivado 12-4801] The synthesis checkpoint for IP 'C:/Users/84646/Desktop/integration.srcs/sources_1/bd/integrated_design/ip/integrated_design_axis_broadcaster_0_0/integrated_design_axis_broadcaster_0_0.xci' is available but stale and the IP is locked. An out-of-context (OOC) run will be created and/or launched, but synthesis may not be able to complete or could result in incorrect behavior.
Please select 'Report IP Status' from the 'Tools/Report' menu or run Tcl command 'report_ip_status' for more information.
WARNING: [Vivado 12-4801] The synthesis checkpoint for IP 'C:/Users/84646/Desktop/integration.srcs/sources_1/bd/integrated_design/ip/integrated_design_axis_broadcaster_1_0/integrated_design_axis_broadcaster_1_0.xci' is available but stale and the IP is locked. An out-of-context (OOC) run will be created and/or launched, but synthesis may not be able to complete or could result in incorrect behavior.
Please select 'Report IP Status' from the 'Tools/Report' menu or run Tcl command 'report_ip_status' for more information.
WARNING: [Vivado 12-4801] The synthesis checkpoint for IP 'C:/Users/84646/Desktop/integration.srcs/sources_1/bd/integrated_design/ip/integrated_design_axi_vdma_1_0/integrated_design_axi_vdma_1_0.xci' is available but stale and the IP is locked. An out-of-context (OOC) run will be created and/or launched, but synthesis may not be able to complete or could result in incorrect behavior.
Please select 'Report IP Status' from the 'Tools/Report' menu or run Tcl command 'report_ip_status' for more information.
WARNING: [Vivado 12-4801] The synthesis checkpoint for IP 'C:/Users/84646/Desktop/integration.srcs/sources_1/bd/integrated_design/ip/integrated_design_xbar_4/integrated_design_xbar_4.xci' is available but stale and the IP is locked. An out-of-context (OOC) run will be created and/or launched, but synthesis may not be able to complete or could result in incorrect behavior.
Please select 'Report IP Status' from the 'Tools/Report' menu or run Tcl command 'report_ip_status' for more information.
WARNING: [Vivado 12-4801] The synthesis checkpoint for IP 'C:/Users/84646/Desktop/integration.srcs/sources_1/bd/integrated_design/ip/integrated_design_auto_pc_0/integrated_design_auto_pc_0.xci' is available but stale and the IP is locked. An out-of-context (OOC) run will be created and/or launched, but synthesis may not be able to complete or could result in incorrect behavior.
Please select 'Report IP Status' from the 'Tools/Report' menu or run Tcl command 'report_ip_status' for more information.
WARNING: [Vivado 12-4801] The synthesis checkpoint for IP 'C:/Users/84646/Desktop/integration.srcs/sources_1/bd/integrated_design/ip/integrated_design_auto_pc_1/integrated_design_auto_pc_1.xci' is available but stale and the IP is locked. An out-of-context (OOC) run will be created and/or launched, but synthesis may not be able to complete or could result in incorrect behavior.
Please select 'Report IP Status' from the 'Tools/Report' menu or run Tcl command 'report_ip_status' for more information.
WARNING: [Vivado 12-4801] The synthesis checkpoint for IP 'C:/Users/84646/Desktop/integration.srcs/sources_1/bd/integrated_design/ip/integrated_design_auto_pc_2/integrated_design_auto_pc_2.xci' is available but stale and the IP is locked. An out-of-context (OOC) run will be created and/or launched, but synthesis may not be able to complete or could result in incorrect behavior.
Please select 'Report IP Status' from the 'Tools/Report' menu or run Tcl command 'report_ip_status' for more information.
WARNING: [Vivado 12-4801] The synthesis checkpoint for IP 'C:/Users/84646/Desktop/integration.srcs/sources_1/bd/integrated_design/ip/integrated_design_auto_pc_3/integrated_design_auto_pc_3.xci' is available but stale and the IP is locked. An out-of-context (OOC) run will be created and/or launched, but synthesis may not be able to complete or could result in incorrect behavior.
Please select 'Report IP Status' from the 'Tools/Report' menu or run Tcl command 'report_ip_status' for more information.
WARNING: [Vivado 12-4801] The synthesis checkpoint for IP 'C:/Users/84646/Desktop/integration.srcs/sources_1/bd/integrated_design/ip/integrated_design_auto_pc_4/integrated_design_auto_pc_4.xci' is available but stale and the IP is locked. An out-of-context (OOC) run will be created and/or launched, but synthesis may not be able to complete or could result in incorrect behavior.
Please select 'Report IP Status' from the 'Tools/Report' menu or run Tcl command 'report_ip_status' for more information.
[Wed Aug 14 10:24:18 2019] Launched impl_1...
Run output will be captured here: C:/Users/84646/Desktop/Ne/double_camera/2_cam/2_cam.runs/impl_1/runme.log
exit
INFO: [Common 17-206] Exiting Vivado at Wed Aug 14 10:28:20 2019...
