Copyright 1986-2018 Xilinx, Inc. All Rights Reserved.
------------------------------------------------------------------------------------
| Tool Version : Vivado v.2018.1 (win64) Build 2188600 Wed Apr  4 18:40:38 MDT 2018
| Date         : Wed Aug 21 11:33:53 2019
| Host         : DESKTOP-89AAFLI running 64-bit major release  (build 9200)
| Command      : upgrade_ip
| Device       : xc7z020clg484-1
------------------------------------------------------------------------------------

Upgrade Log for IP 'PLL_108'

1. Summary
----------

SUCCESS in the upgrade of PLL_108 from xilinx.com:ip:clk_wiz:5.4 to xilinx.com:ip:clk_wiz:6.0






Copyright 1986-2018 Xilinx, Inc. All Rights Reserved.
------------------------------------------------------------------------------------
| Tool Version : Vivado v.2018.1 (win64) Build 2188600 Wed Apr  4 18:40:38 MDT 2018
| Date         : Wed Aug 21 11:33:45 2019
| Host         : DESKTOP-89AAFLI running 64-bit major release  (build 9200)
| Command      : upgrade_ip
| Device       : xc7z020clg484-1
------------------------------------------------------------------------------------

Upgrade Log for IP 'frame_buffer'

1. Summary
----------

SUCCESS in the upgrade of frame_buffer from xilinx.com:ip:blk_mem_gen:8.3 (Rev. 6) to xilinx.com:ip:blk_mem_gen:8.4 (Rev. 1)

