#-----------------------------------------------------------
# Vivado v2018.1 (64-bit)
# SW Build 2188600 on Wed Apr  4 18:40:38 MDT 2018
# IP Build 2185939 on Wed Apr  4 20:55:05 MDT 2018
# Start of session at: Wed Aug 21 11:32:48 2019
# Process ID: 34504
# Current directory: C:/Users/84646/Desktop/Pmode/pmod_3/Pmod_30M_1
# Command line: vivado.exe -gui_launcher_event rodinguilauncherevent30264 C:\Users\84646\Desktop\Pmode\pmod_3\Pmod_30M_1\Pmod_30M.xpr
# Log file: C:/Users/84646/Desktop/Pmode/pmod_3/Pmod_30M_1/vivado.log
# Journal file: C:/Users/84646/Desktop/Pmode/pmod_3/Pmod_30M_1\vivado.jou
#-----------------------------------------------------------
start_gui
open_project C:/Users/84646/Desktop/Pmode/pmod_3/Pmod_30M_1/Pmod_30M.xpr
INFO: [Project 1-313] Project file moved from 'C:/Users/84646/Desktop/Pmode/Pmod_30M_1' since last save.
Scanning sources...
Finished scanning sources
INFO: [IP_Flow 19-234] Refreshing IP repositories
INFO: [IP_Flow 19-1704] No user IP repositories specified
INFO: [IP_Flow 19-2313] Loaded Vivado IP repository 'C:/Xilinx/Vivado/2018.1/data/ip'.
WARNING: [IP_Flow 19-2162] IP 'PLL_108' is locked:
* IP definition 'Clocking Wizard (5.4)' for IP 'PLL_108' (customized with software release 2017.1) has a newer major version in the IP Catalog.
* IP definition 'Clocking Wizard (5.4)' for IP 'PLL_108' (customized with software release 2017.1) has a different revision in the IP Catalog.
Please select 'Report IP Status' from the 'Tools/Report' menu or run Tcl command 'report_ip_status' for more information.
WARNING: [IP_Flow 19-2162] IP 'frame_buffer' is locked:
* IP definition 'Block Memory Generator (8.3)' for IP 'frame_buffer' (customized with software release 2017.1) has a newer minor version in the IP Catalog.
Please select 'Report IP Status' from the 'Tools/Report' menu or run Tcl command 'report_ip_status' for more information.
open_project: Time (s): cpu = 00:00:13 ; elapsed = 00:00:08 . Memory (MB): peak = 893.758 ; gain = 141.863
update_compile_order -fileset sources_1
upgrade_ip -srcset frame_buffer -vlnv xilinx.com:ip:blk_mem_gen:8.4 [get_ips  frame_buffer] -log ip_upgrade.log
Upgrading 'frame_buffer'
INFO: [Project 1-386] Moving file 'C:/Users/84646/Desktop/Pmode/pmod_3/Pmod_30M_1/Pmod_30M.srcs/sources_1/ip/frame_buffer/frame_buffer.xci' from fileset 'frame_buffer' to fileset 'sources_1'.
INFO: [Device 21-403] Loading part xc7z020clg484-1
INFO: [IP_Flow 19-1972] Upgraded frame_buffer from Block Memory Generator 8.3 to Block Memory Generator 8.4
INFO: [IP_Flow 19-1686] Generating 'Instantiation Template' target for IP 'frame_buffer'...
INFO: [Coretcl 2-1525] Wrote upgrade log to 'C:/Users/84646/Desktop/Pmode/pmod_3/Pmod_30M_1/ip_upgrade.log'.
upgrade_ip: Time (s): cpu = 00:00:10 ; elapsed = 00:00:09 . Memory (MB): peak = 1146.328 ; gain = 232.453
export_ip_user_files -of_objects [get_ips frame_buffer] -no_script -sync -force -quiet
update_compile_order -fileset sources_1
upgrade_ip -srcset PLL_108 -vlnv xilinx.com:ip:clk_wiz:6.0 [get_ips  PLL_108] -log ip_upgrade.log
Upgrading 'PLL_108'
INFO: [Project 1-386] Moving file 'C:/Users/84646/Desktop/Pmode/pmod_3/Pmod_30M_1/Pmod_30M.srcs/sources_1/ip/PLL_108_1/PLL_108.xci' from fileset 'PLL_108' to fileset 'sources_1'.
INFO: [IP_Flow 19-1972] Upgraded PLL_108 from Clocking Wizard 5.4 to Clocking Wizard 6.0
INFO: [IP_Flow 19-1686] Generating 'Instantiation Template' target for IP 'PLL_108'...
INFO: [Coretcl 2-1525] Wrote upgrade log to 'C:/Users/84646/Desktop/Pmode/pmod_3/Pmod_30M_1/ip_upgrade.log'.
export_ip_user_files -of_objects [get_ips PLL_108] -no_script -sync -force -quiet
export_ip_user_files -of_objects  [get_files C:/Users/84646/Desktop/Pmode/pmod_3/Pmod_30M_1/Pmod_30M.srcs/sources_1/new/RAW2RGB.v] -no_script -reset -force -quiet
remove_files  C:/Users/84646/Desktop/Pmode/pmod_3/Pmod_30M_1/Pmod_30M.srcs/sources_1/new/RAW2RGB.v
file delete -force C:/Users/84646/Desktop/Pmode/pmod_3/Pmod_30M_1/Pmod_30M.srcs/sources_1/new/RAW2RGB.v
update_compile_order -fileset sources_1
export_ip_user_files -of_objects  [get_files C:/Users/84646/Desktop/Pmode/pmod_3/Pmod_30M_1/Pmod_30M.srcs/sources_1/new/LineBuffer_vhdl.vhd] -no_script -reset -force -quiet
remove_files  C:/Users/84646/Desktop/Pmode/pmod_3/Pmod_30M_1/Pmod_30M.srcs/sources_1/new/LineBuffer_vhdl.vhd
file delete -force C:/Users/84646/Desktop/Pmode/pmod_3/Pmod_30M_1/Pmod_30M.srcs/sources_1/new/LineBuffer_vhdl.vhd
close [ open C:/Users/84646/Desktop/Pmode/pmod_3/Pmod_30M_1/Pmod_30M.srcs/sources_1/new/I2C_OV7670_RGB565_Config_2.v w ]
add_files C:/Users/84646/Desktop/Pmode/pmod_3/Pmod_30M_1/Pmod_30M.srcs/sources_1/new/I2C_OV7670_RGB565_Config_2.v
close [ open C:/Users/84646/Desktop/Pmode/pmod_3/Pmod_30M_1/Pmod_30M.srcs/sources_1/new/I2C_Controller_2.v w ]
add_files C:/Users/84646/Desktop/Pmode/pmod_3/Pmod_30M_1/Pmod_30M.srcs/sources_1/new/I2C_Controller_2.v
close [ open C:/Users/84646/Desktop/Pmode/pmod_3/Pmod_30M_1/Pmod_30M.srcs/sources_1/new/I2C_AV_Config_2.v w ]
add_files C:/Users/84646/Desktop/Pmode/pmod_3/Pmod_30M_1/Pmod_30M.srcs/sources_1/new/I2C_AV_Config_2.v
update_compile_order -fileset sources_1
export_ip_user_files -of_objects  [get_files C:/Users/84646/Desktop/Pmode/pmod_3/Pmod_30M_1/Pmod_30M.srcs/sources_1/new/I2C_OV7670_RGB565_Config_2.v] -no_script -reset -force -quiet
remove_files  C:/Users/84646/Desktop/Pmode/pmod_3/Pmod_30M_1/Pmod_30M.srcs/sources_1/new/I2C_OV7670_RGB565_Config_2.v
file delete -force C:/Users/84646/Desktop/Pmode/pmod_3/Pmod_30M_1/Pmod_30M.srcs/sources_1/new/I2C_OV7670_RGB565_Config_2.v
export_ip_user_files -of_objects  [get_files C:/Users/84646/Desktop/Pmode/pmod_3/Pmod_30M_1/Pmod_30M.srcs/sources_1/new/I2C_AV_Config_2.v] -no_script -reset -force -quiet
remove_files  C:/Users/84646/Desktop/Pmode/pmod_3/Pmod_30M_1/Pmod_30M.srcs/sources_1/new/I2C_AV_Config_2.v
file delete -force C:/Users/84646/Desktop/Pmode/pmod_3/Pmod_30M_1/Pmod_30M.srcs/sources_1/new/I2C_AV_Config_2.v
export_ip_user_files -of_objects  [get_files C:/Users/84646/Desktop/Pmode/pmod_3/Pmod_30M_1/Pmod_30M.srcs/sources_1/new/I2C_Controller_2.v] -no_script -reset -force -quiet
remove_files  C:/Users/84646/Desktop/Pmode/pmod_3/Pmod_30M_1/Pmod_30M.srcs/sources_1/new/I2C_Controller_2.v
file delete -force C:/Users/84646/Desktop/Pmode/pmod_3/Pmod_30M_1/Pmod_30M.srcs/sources_1/new/I2C_Controller_2.v
close [ open C:/Users/84646/Desktop/Pmode/pmod_3/Pmod_30M_1/Pmod_30M.srcs/sources_1/new/I2C_AV_Config_2.v w ]
add_files C:/Users/84646/Desktop/Pmode/pmod_3/Pmod_30M_1/Pmod_30M.srcs/sources_1/new/I2C_AV_Config_2.v
update_compile_order -fileset sources_1
close [ open C:/Users/84646/Desktop/Pmode/pmod_3/Pmod_30M_1/Pmod_30M.srcs/sources_1/new/I2C_OV7670_RGB565_Config_2.v w ]
add_files C:/Users/84646/Desktop/Pmode/pmod_3/Pmod_30M_1/Pmod_30M.srcs/sources_1/new/I2C_OV7670_RGB565_Config_2.v
update_compile_order -fileset sources_1
close [ open C:/Users/84646/Desktop/Pmode/pmod_3/Pmod_30M_1/Pmod_30M.srcs/sources_1/new/I2C_Controller_2.v w ]
add_files C:/Users/84646/Desktop/Pmode/pmod_3/Pmod_30M_1/Pmod_30M.srcs/sources_1/new/I2C_Controller_2.v
update_compile_order -fileset sources_1
WARNING: [filemgmt 56-199] Attempt to get parsing info during refresh. "On-the-fly" syntax checking information may be incorrect. [C:/Users/84646/Desktop/Pmode/pmod_3/Pmod_30M_1/Pmod_30M.srcs/sources_1/new/Pmod_30M_TOP.v:]
WARNING: [filemgmt 56-199] Attempt to get parsing info during refresh. "On-the-fly" syntax checking information may be incorrect. [C:/Users/84646/Desktop/Pmode/pmod_3/Pmod_30M_1/Pmod_30M.srcs/sources_1/new/I2C_AV_Config.v:]
WARNING: [filemgmt 56-199] Attempt to get parsing info during refresh. "On-the-fly" syntax checking information may be incorrect. [C:/Users/84646/Desktop/Pmode/pmod_3/Pmod_30M_1/Pmod_30M.srcs/sources_1/new/I2C_OV7670_RGB565_Config.v:]
WARNING: [filemgmt 56-199] Attempt to get parsing info during refresh. "On-the-fly" syntax checking information may be incorrect. [C:/Users/84646/Desktop/Pmode/pmod_3/Pmod_30M_1/Pmod_30M.srcs/sources_1/new/I2C_OV7670_RGB565_Config_2.v:]
WARNING: [filemgmt 56-199] Attempt to get parsing info during refresh. "On-the-fly" syntax checking information may be incorrect. [C:/Users/84646/Desktop/Pmode/pmod_3/Pmod_30M_1/Pmod_30M.srcs/sources_1/new/I2C_AV_Config_2.v:]
WARNING: [filemgmt 56-199] Attempt to get parsing info during refresh. "On-the-fly" syntax checking information may be incorrect. [C:/Users/84646/Desktop/Pmode/pmod_3/Pmod_30M_1/Pmod_30M.srcs/sources_1/new/Pmod_30M_TOP.v:]
WARNING: [filemgmt 56-199] Attempt to get parsing info during refresh. "On-the-fly" syntax checking information may be incorrect. [C:/Users/84646/Desktop/Pmode/pmod_3/Pmod_30M_1/Pmod_30M.srcs/sources_1/new/I2C_AV_Config.v:]
WARNING: [filemgmt 56-199] Attempt to get parsing info during refresh. "On-the-fly" syntax checking information may be incorrect. [C:/Users/84646/Desktop/Pmode/pmod_3/Pmod_30M_1/Pmod_30M.srcs/sources_1/new/I2C_OV7670_RGB565_Config.v:]
WARNING: [filemgmt 56-199] Attempt to get parsing info during refresh. "On-the-fly" syntax checking information may be incorrect. [C:/Users/84646/Desktop/Pmode/pmod_3/Pmod_30M_1/Pmod_30M.srcs/sources_1/new/I2C_OV7670_RGB565_Config_2.v:]
WARNING: [filemgmt 56-199] Attempt to get parsing info during refresh. "On-the-fly" syntax checking information may be incorrect. [C:/Users/84646/Desktop/Pmode/pmod_3/Pmod_30M_1/Pmod_30M.srcs/sources_1/new/I2C_AV_Config_2.v:]
WARNING: [filemgmt 56-199] Attempt to get parsing info during refresh. "On-the-fly" syntax checking information may be incorrect. [C:/Users/84646/Desktop/Pmode/pmod_3/Pmod_30M_1/Pmod_30M.srcs/sources_1/new/Pmod_30M_TOP.v:]
WARNING: [filemgmt 56-199] Attempt to get parsing info during refresh. "On-the-fly" syntax checking information may be incorrect. [C:/Users/84646/Desktop/Pmode/pmod_3/Pmod_30M_1/Pmod_30M.srcs/sources_1/new/I2C_AV_Config.v:]
WARNING: [filemgmt 56-199] Attempt to get parsing info during refresh. "On-the-fly" syntax checking information may be incorrect. [C:/Users/84646/Desktop/Pmode/pmod_3/Pmod_30M_1/Pmod_30M.srcs/sources_1/new/I2C_OV7670_RGB565_Config.v:]
WARNING: [filemgmt 56-199] Attempt to get parsing info during refresh. "On-the-fly" syntax checking information may be incorrect. [C:/Users/84646/Desktop/Pmode/pmod_3/Pmod_30M_1/Pmod_30M.srcs/sources_1/new/I2C_OV7670_RGB565_Config_2.v:]
WARNING: [filemgmt 56-199] Attempt to get parsing info during refresh. "On-the-fly" syntax checking information may be incorrect. [C:/Users/84646/Desktop/Pmode/pmod_3/Pmod_30M_1/Pmod_30M.srcs/sources_1/new/I2C_AV_Config_2.v:]
WARNING: [filemgmt 56-199] Attempt to get parsing info during refresh. "On-the-fly" syntax checking information may be incorrect. [C:/Users/84646/Desktop/Pmode/pmod_3/Pmod_30M_1/Pmod_30M.srcs/sources_1/new/Pmod_30M_TOP.v:]
WARNING: [filemgmt 56-199] Attempt to get parsing info during refresh. "On-the-fly" syntax checking information may be incorrect. [C:/Users/84646/Desktop/Pmode/pmod_3/Pmod_30M_1/Pmod_30M.srcs/sources_1/new/I2C_AV_Config.v:]
WARNING: [filemgmt 56-199] Attempt to get parsing info during refresh. "On-the-fly" syntax checking information may be incorrect. [C:/Users/84646/Desktop/Pmode/pmod_3/Pmod_30M_1/Pmod_30M.srcs/sources_1/new/I2C_OV7670_RGB565_Config.v:]
WARNING: [filemgmt 56-199] Attempt to get parsing info during refresh. "On-the-fly" syntax checking information may be incorrect. [C:/Users/84646/Desktop/Pmode/pmod_3/Pmod_30M_1/Pmod_30M.srcs/sources_1/new/I2C_OV7670_RGB565_Config_2.v:]
WARNING: [filemgmt 56-199] Attempt to get parsing info during refresh. "On-the-fly" syntax checking information may be incorrect. [C:/Users/84646/Desktop/Pmode/pmod_3/Pmod_30M_1/Pmod_30M.srcs/sources_1/new/I2C_AV_Config_2.v:]
WARNING: [filemgmt 56-199] Attempt to get parsing info during refresh. "On-the-fly" syntax checking information may be incorrect. [C:/Users/84646/Desktop/Pmode/pmod_3/Pmod_30M_1/Pmod_30M.srcs/sources_1/new/Pmod_30M_TOP.v:]
WARNING: [filemgmt 56-199] Attempt to get parsing info during refresh. "On-the-fly" syntax checking information may be incorrect. [C:/Users/84646/Desktop/Pmode/pmod_3/Pmod_30M_1/Pmod_30M.srcs/sources_1/new/I2C_AV_Config.v:]
WARNING: [filemgmt 56-199] Attempt to get parsing info during refresh. "On-the-fly" syntax checking information may be incorrect. [C:/Users/84646/Desktop/Pmode/pmod_3/Pmod_30M_1/Pmod_30M.srcs/sources_1/new/I2C_OV7670_RGB565_Config.v:]
WARNING: [filemgmt 56-199] Attempt to get parsing info during refresh. "On-the-fly" syntax checking information may be incorrect. [C:/Users/84646/Desktop/Pmode/pmod_3/Pmod_30M_1/Pmod_30M.srcs/sources_1/new/I2C_OV7670_RGB565_Config_2.v:]
WARNING: [filemgmt 56-199] Attempt to get parsing info during refresh. "On-the-fly" syntax checking information may be incorrect. [C:/Users/84646/Desktop/Pmode/pmod_3/Pmod_30M_1/Pmod_30M.srcs/sources_1/new/I2C_AV_Config_2.v:]
WARNING: [filemgmt 56-199] Attempt to get parsing info during refresh. "On-the-fly" syntax checking information may be incorrect. [C:/Users/84646/Desktop/Pmode/pmod_3/Pmod_30M_1/Pmod_30M.srcs/sources_1/new/Pmod_30M_TOP.v:]
WARNING: [filemgmt 56-199] Attempt to get parsing info during refresh. "On-the-fly" syntax checking information may be incorrect. [C:/Users/84646/Desktop/Pmode/pmod_3/Pmod_30M_1/Pmod_30M.srcs/sources_1/new/I2C_AV_Config.v:]
WARNING: [filemgmt 56-199] Attempt to get parsing info during refresh. "On-the-fly" syntax checking information may be incorrect. [C:/Users/84646/Desktop/Pmode/pmod_3/Pmod_30M_1/Pmod_30M.srcs/sources_1/new/I2C_OV7670_RGB565_Config.v:]
WARNING: [filemgmt 56-199] Attempt to get parsing info during refresh. "On-the-fly" syntax checking information may be incorrect. [C:/Users/84646/Desktop/Pmode/pmod_3/Pmod_30M_1/Pmod_30M.srcs/sources_1/new/I2C_OV7670_RGB565_Config_2.v:]
WARNING: [filemgmt 56-199] Attempt to get parsing info during refresh. "On-the-fly" syntax checking information may be incorrect. [C:/Users/84646/Desktop/Pmode/pmod_3/Pmod_30M_1/Pmod_30M.srcs/sources_1/new/I2C_AV_Config_2.v:]
WARNING: [filemgmt 56-199] Attempt to get parsing info during refresh. "On-the-fly" syntax checking information may be incorrect. [C:/Users/84646/Desktop/Pmode/pmod_3/Pmod_30M_1/Pmod_30M.srcs/sources_1/new/Pmod_30M_TOP.v:]
WARNING: [filemgmt 56-199] Attempt to get parsing info during refresh. "On-the-fly" syntax checking information may be incorrect. [C:/Users/84646/Desktop/Pmode/pmod_3/Pmod_30M_1/Pmod_30M.srcs/sources_1/new/I2C_AV_Config.v:]
WARNING: [filemgmt 56-199] Attempt to get parsing info during refresh. "On-the-fly" syntax checking information may be incorrect. [C:/Users/84646/Desktop/Pmode/pmod_3/Pmod_30M_1/Pmod_30M.srcs/sources_1/new/I2C_OV7670_RGB565_Config.v:]
WARNING: [filemgmt 56-199] Attempt to get parsing info during refresh. "On-the-fly" syntax checking information may be incorrect. [C:/Users/84646/Desktop/Pmode/pmod_3/Pmod_30M_1/Pmod_30M.srcs/sources_1/new/I2C_OV7670_RGB565_Config_2.v:]
WARNING: [filemgmt 56-199] Attempt to get parsing info during refresh. "On-the-fly" syntax checking information may be incorrect. [C:/Users/84646/Desktop/Pmode/pmod_3/Pmod_30M_1/Pmod_30M.srcs/sources_1/new/I2C_AV_Config_2.v:]
WARNING: [filemgmt 56-199] Attempt to get parsing info during refresh. "On-the-fly" syntax checking information may be incorrect. [C:/Users/84646/Desktop/Pmode/pmod_3/Pmod_30M_1/Pmod_30M.srcs/sources_1/new/Pmod_30M_TOP.v:]
WARNING: [filemgmt 56-199] Attempt to get parsing info during refresh. "On-the-fly" syntax checking information may be incorrect. [C:/Users/84646/Desktop/Pmode/pmod_3/Pmod_30M_1/Pmod_30M.srcs/sources_1/new/I2C_AV_Config.v:]
WARNING: [filemgmt 56-199] Attempt to get parsing info during refresh. "On-the-fly" syntax checking information may be incorrect. [C:/Users/84646/Desktop/Pmode/pmod_3/Pmod_30M_1/Pmod_30M.srcs/sources_1/new/I2C_OV7670_RGB565_Config.v:]
WARNING: [filemgmt 56-199] Attempt to get parsing info during refresh. "On-the-fly" syntax checking information may be incorrect. [C:/Users/84646/Desktop/Pmode/pmod_3/Pmod_30M_1/Pmod_30M.srcs/sources_1/new/I2C_OV7670_RGB565_Config_2.v:]
WARNING: [filemgmt 56-199] Attempt to get parsing info during refresh. "On-the-fly" syntax checking information may be incorrect. [C:/Users/84646/Desktop/Pmode/pmod_3/Pmod_30M_1/Pmod_30M.srcs/sources_1/new/I2C_AV_Config_2.v:]
WARNING: [filemgmt 56-199] Attempt to get parsing info during refresh. "On-the-fly" syntax checking information may be incorrect. [C:/Users/84646/Desktop/Pmode/pmod_3/Pmod_30M_1/Pmod_30M.srcs/sources_1/new/Pmod_30M_TOP.v:]
WARNING: [filemgmt 56-199] Attempt to get parsing info during refresh. "On-the-fly" syntax checking information may be incorrect. [C:/Users/84646/Desktop/Pmode/pmod_3/Pmod_30M_1/Pmod_30M.srcs/sources_1/new/I2C_AV_Config.v:]
WARNING: [filemgmt 56-199] Attempt to get parsing info during refresh. "On-the-fly" syntax checking information may be incorrect. [C:/Users/84646/Desktop/Pmode/pmod_3/Pmod_30M_1/Pmod_30M.srcs/sources_1/new/I2C_OV7670_RGB565_Config.v:]
WARNING: [filemgmt 56-199] Attempt to get parsing info during refresh. "On-the-fly" syntax checking information may be incorrect. [C:/Users/84646/Desktop/Pmode/pmod_3/Pmod_30M_1/Pmod_30M.srcs/sources_1/new/I2C_OV7670_RGB565_Config_2.v:]
WARNING: [filemgmt 56-199] Attempt to get parsing info during refresh. "On-the-fly" syntax checking information may be incorrect. [C:/Users/84646/Desktop/Pmode/pmod_3/Pmod_30M_1/Pmod_30M.srcs/sources_1/new/I2C_AV_Config_2.v:]
reset_run synth_1
launch_runs synth_1 -jobs 4
INFO: [IP_Flow 19-1686] Generating 'Synthesis' target for IP 'PLL_108'...
INFO: [IP_Flow 19-1686] Generating 'Implementation' target for IP 'PLL_108'...
INFO: [IP_Flow 19-1686] Generating 'Synthesis' target for IP 'frame_buffer'...
[Wed Aug 21 11:47:04 2019] Launched frame_buffer_synth_1, PLL_108_synth_1...
Run output will be captured here:
frame_buffer_synth_1: C:/Users/84646/Desktop/Pmode/pmod_3/Pmod_30M_1/Pmod_30M.runs/frame_buffer_synth_1/runme.log
PLL_108_synth_1: C:/Users/84646/Desktop/Pmode/pmod_3/Pmod_30M_1/Pmod_30M.runs/PLL_108_synth_1/runme.log
[Wed Aug 21 11:47:05 2019] Launched synth_1...
Run output will be captured here: C:/Users/84646/Desktop/Pmode/pmod_3/Pmod_30M_1/Pmod_30M.runs/synth_1/runme.log
reset_run synth_1
launch_runs synth_1 -jobs 4
[Wed Aug 21 11:51:58 2019] Launched synth_1...
Run output will be captured here: C:/Users/84646/Desktop/Pmode/pmod_3/Pmod_30M_1/Pmod_30M.runs/synth_1/runme.log
copy_ip -name frame_buffer_2 -dir c:/Users/84646/Desktop/Pmode/pmod_3/Pmod_30M_1/Pmod_30M.srcs/sources_1/ip [get_ips  frame_buffer]
CRITICAL WARNING: [IP_Flow 19-1673] Failed to find file 'frame_buffer.mem' while importing IP 'frame_buffer_2'. This is a mandatory source file and must exist for import to be successful. Please ensure this file exists.
copy_ip: Time (s): cpu = 00:00:04 ; elapsed = 00:00:05 . Memory (MB): peak = 1329.414 ; gain = 5.973
update_compile_order -fileset sources_1
copy_ip -name PLL_108_2 -dir c:/Users/84646/Desktop/Pmode/pmod_3/Pmod_30M_1/Pmod_30M.srcs/sources_1/ip [get_ips  PLL_108]
update_compile_order -fileset sources_1
close [ open C:/Users/84646/Desktop/Pmode/pmod_3/Pmod_30M_1/Pmod_30M.srcs/sources_1/new/debounce_2.v w ]
add_files C:/Users/84646/Desktop/Pmode/pmod_3/Pmod_30M_1/Pmod_30M.srcs/sources_1/new/debounce_2.v
update_compile_order -fileset sources_1
close [ open C:/Users/84646/Desktop/Pmode/pmod_3/Pmod_30M_1/Pmod_30M.srcs/sources_1/new/ov7670_capture_2.v w ]
add_files C:/Users/84646/Desktop/Pmode/pmod_3/Pmod_30M_1/Pmod_30M.srcs/sources_1/new/ov7670_capture_2.v
update_compile_order -fileset sources_1
export_ip_user_files -of_objects  [get_files c:/Users/84646/Desktop/Pmode/pmod_3/Pmod_30M_1/Pmod_30M.srcs/sources_1/ip/PLL_108_2/PLL_108_2.xci] -no_script -reset -force -quiet
remove_files  c:/Users/84646/Desktop/Pmode/pmod_3/Pmod_30M_1/Pmod_30M.srcs/sources_1/ip/PLL_108_2/PLL_108_2.xci
file delete -force c:/Users/84646/Desktop/Pmode/pmod_3/Pmod_30M_1/Pmod_30M.srcs/sources_1/ip/PLL_108_2
reset_run synth_1
launch_runs synth_1 -jobs 4
[Wed Aug 21 13:16:30 2019] Launched synth_1...
Run output will be captured here: C:/Users/84646/Desktop/Pmode/pmod_3/Pmod_30M_1/Pmod_30M.runs/synth_1/runme.log
launch_runs: Time (s): cpu = 00:00:01 ; elapsed = 00:00:11 . Memory (MB): peak = 1361.734 ; gain = 0.000
open_run synth_1 -name synth_1
Design is defaulting to impl run constrset: constrs_1
Design is defaulting to synth run part: xc7z020clg484-1
INFO: [Project 1-454] Reading design checkpoint 'c:/Users/84646/Desktop/Pmode/pmod_3/Pmod_30M_1/Pmod_30M.srcs/sources_1/ip/PLL_108_1/PLL_108.dcp' for cell 'u11'
INFO: [Project 1-454] Reading design checkpoint 'c:/Users/84646/Desktop/Pmode/pmod_3/Pmod_30M_1/Pmod_30M.srcs/sources_1/ip/frame_buffer/frame_buffer.dcp' for cell 'u_frame_buffer'
INFO: [Netlist 29-17] Analyzing 182 Unisim elements for replacement
INFO: [Netlist 29-28] Unisim Transformation completed in 0 CPU seconds
INFO: [Project 1-479] Netlist was created with Vivado 2018.1
INFO: [Project 1-570] Preparing netlist for logic optimization
Parsing XDC File [c:/Users/84646/Desktop/Pmode/pmod_3/Pmod_30M_1/Pmod_30M.srcs/sources_1/ip/PLL_108_1/PLL_108_board.xdc] for cell 'u11/inst'
Finished Parsing XDC File [c:/Users/84646/Desktop/Pmode/pmod_3/Pmod_30M_1/Pmod_30M.srcs/sources_1/ip/PLL_108_1/PLL_108_board.xdc] for cell 'u11/inst'
Parsing XDC File [c:/Users/84646/Desktop/Pmode/pmod_3/Pmod_30M_1/Pmod_30M.srcs/sources_1/ip/PLL_108_1/PLL_108.xdc] for cell 'u11/inst'
INFO: [Timing 38-35] Done setting XDC timing constraints. [c:/Users/84646/Desktop/Pmode/pmod_3/Pmod_30M_1/Pmod_30M.srcs/sources_1/ip/PLL_108_1/PLL_108.xdc:57]
INFO: [Timing 38-2] Deriving generated clocks [c:/Users/84646/Desktop/Pmode/pmod_3/Pmod_30M_1/Pmod_30M.srcs/sources_1/ip/PLL_108_1/PLL_108.xdc:57]
get_clocks: Time (s): cpu = 00:00:14 ; elapsed = 00:00:14 . Memory (MB): peak = 2051.520 ; gain = 557.953
Finished Parsing XDC File [c:/Users/84646/Desktop/Pmode/pmod_3/Pmod_30M_1/Pmod_30M.srcs/sources_1/ip/PLL_108_1/PLL_108.xdc] for cell 'u11/inst'
Parsing XDC File [C:/Users/84646/Desktop/Pmode/pmod_3/Pmod_30M_1/Pmod_30M.srcs/constrs_1/new/zedboard.xdc]
Finished Parsing XDC File [C:/Users/84646/Desktop/Pmode/pmod_3/Pmod_30M_1/Pmod_30M.srcs/constrs_1/new/zedboard.xdc]
INFO: [Opt 31-138] Pushed 0 inverter(s) to 0 load pin(s).
INFO: [Project 1-111] Unisim Transformation Summary:
  A total of 2 instances were transformed.
  IOBUF => IOBUF (IBUF, OBUFT): 2 instances

open_run: Time (s): cpu = 00:00:36 ; elapsed = 00:00:30 . Memory (MB): peak = 2075.648 ; gain = 713.914
reset_run synth_1
launch_runs synth_1 -jobs 4
[Wed Aug 21 13:34:08 2019] Launched synth_1...
Run output will be captured here: C:/Users/84646/Desktop/Pmode/pmod_3/Pmod_30M_1/Pmod_30M.runs/synth_1/runme.log
launch_runs: Time (s): cpu = 00:00:01 ; elapsed = 00:00:10 . Memory (MB): peak = 2086.215 ; gain = 0.000
refresh_design
INFO: [Project 1-454] Reading design checkpoint 'c:/Users/84646/Desktop/Pmode/pmod_3/Pmod_30M_1/Pmod_30M.srcs/sources_1/ip/PLL_108_1/PLL_108.dcp' for cell 'u11'
INFO: [Project 1-454] Reading design checkpoint 'c:/Users/84646/Desktop/Pmode/pmod_3/Pmod_30M_1/Pmod_30M.srcs/sources_1/ip/frame_buffer/frame_buffer.dcp' for cell 'u_frame_buffer'
INFO: [Netlist 29-17] Analyzing 187 Unisim elements for replacement
INFO: [Netlist 29-28] Unisim Transformation completed in 0 CPU seconds
INFO: [Project 1-479] Netlist was created with Vivado 2018.1
INFO: [Project 1-570] Preparing netlist for logic optimization
Parsing XDC File [c:/Users/84646/Desktop/Pmode/pmod_3/Pmod_30M_1/Pmod_30M.srcs/sources_1/ip/PLL_108_1/PLL_108_board.xdc] for cell 'u11/inst'
Finished Parsing XDC File [c:/Users/84646/Desktop/Pmode/pmod_3/Pmod_30M_1/Pmod_30M.srcs/sources_1/ip/PLL_108_1/PLL_108_board.xdc] for cell 'u11/inst'
Parsing XDC File [c:/Users/84646/Desktop/Pmode/pmod_3/Pmod_30M_1/Pmod_30M.srcs/sources_1/ip/PLL_108_1/PLL_108.xdc] for cell 'u11/inst'
INFO: [Timing 38-35] Done setting XDC timing constraints. [c:/Users/84646/Desktop/Pmode/pmod_3/Pmod_30M_1/Pmod_30M.srcs/sources_1/ip/PLL_108_1/PLL_108.xdc:57]
INFO: [Timing 38-2] Deriving generated clocks [c:/Users/84646/Desktop/Pmode/pmod_3/Pmod_30M_1/Pmod_30M.srcs/sources_1/ip/PLL_108_1/PLL_108.xdc:57]
Finished Parsing XDC File [c:/Users/84646/Desktop/Pmode/pmod_3/Pmod_30M_1/Pmod_30M.srcs/sources_1/ip/PLL_108_1/PLL_108.xdc] for cell 'u11/inst'
Parsing XDC File [C:/Users/84646/Desktop/Pmode/pmod_3/Pmod_30M_1/Pmod_30M.srcs/constrs_1/new/zedboard.xdc]
Finished Parsing XDC File [C:/Users/84646/Desktop/Pmode/pmod_3/Pmod_30M_1/Pmod_30M.srcs/constrs_1/new/zedboard.xdc]
INFO: [Opt 31-138] Pushed 0 inverter(s) to 0 load pin(s).
reset_run synth_1
launch_runs synth_1 -jobs 4
[Wed Aug 21 13:39:22 2019] Launched synth_1...
Run output will be captured here: C:/Users/84646/Desktop/Pmode/pmod_3/Pmod_30M_1/Pmod_30M.runs/synth_1/runme.log
launch_runs: Time (s): cpu = 00:00:00 ; elapsed = 00:00:10 . Memory (MB): peak = 2110.785 ; gain = 0.000
refresh_design
INFO: [Project 1-454] Reading design checkpoint 'c:/Users/84646/Desktop/Pmode/pmod_3/Pmod_30M_1/Pmod_30M.srcs/sources_1/ip/PLL_108_1/PLL_108.dcp' for cell 'u11'
INFO: [Project 1-454] Reading design checkpoint 'c:/Users/84646/Desktop/Pmode/pmod_3/Pmod_30M_1/Pmod_30M.srcs/sources_1/ip/frame_buffer/frame_buffer.dcp' for cell 'u_frame_buffer'
INFO: [Netlist 29-17] Analyzing 187 Unisim elements for replacement
INFO: [Netlist 29-28] Unisim Transformation completed in 0 CPU seconds
INFO: [Project 1-479] Netlist was created with Vivado 2018.1
INFO: [Project 1-570] Preparing netlist for logic optimization
Parsing XDC File [c:/Users/84646/Desktop/Pmode/pmod_3/Pmod_30M_1/Pmod_30M.srcs/sources_1/ip/PLL_108_1/PLL_108_board.xdc] for cell 'u11/inst'
Finished Parsing XDC File [c:/Users/84646/Desktop/Pmode/pmod_3/Pmod_30M_1/Pmod_30M.srcs/sources_1/ip/PLL_108_1/PLL_108_board.xdc] for cell 'u11/inst'
Parsing XDC File [c:/Users/84646/Desktop/Pmode/pmod_3/Pmod_30M_1/Pmod_30M.srcs/sources_1/ip/PLL_108_1/PLL_108.xdc] for cell 'u11/inst'
INFO: [Timing 38-35] Done setting XDC timing constraints. [c:/Users/84646/Desktop/Pmode/pmod_3/Pmod_30M_1/Pmod_30M.srcs/sources_1/ip/PLL_108_1/PLL_108.xdc:57]
INFO: [Timing 38-2] Deriving generated clocks [c:/Users/84646/Desktop/Pmode/pmod_3/Pmod_30M_1/Pmod_30M.srcs/sources_1/ip/PLL_108_1/PLL_108.xdc:57]
Finished Parsing XDC File [c:/Users/84646/Desktop/Pmode/pmod_3/Pmod_30M_1/Pmod_30M.srcs/sources_1/ip/PLL_108_1/PLL_108.xdc] for cell 'u11/inst'
Parsing XDC File [C:/Users/84646/Desktop/Pmode/pmod_3/Pmod_30M_1/Pmod_30M.srcs/constrs_1/new/zedboard.xdc]
Finished Parsing XDC File [C:/Users/84646/Desktop/Pmode/pmod_3/Pmod_30M_1/Pmod_30M.srcs/constrs_1/new/zedboard.xdc]
INFO: [Opt 31-138] Pushed 0 inverter(s) to 0 load pin(s).
reset_run synth_1
launch_runs impl_1 -to_step write_bitstream -jobs 4
WARNING: [Project 1-478] Design 'synth_1' is stale and will not be used when launching 'impl_1'
[Wed Aug 21 13:49:11 2019] Launched synth_1...
Run output will be captured here: C:/Users/84646/Desktop/Pmode/pmod_3/Pmod_30M_1/Pmod_30M.runs/synth_1/runme.log
[Wed Aug 21 13:49:11 2019] Launched impl_1...
Run output will be captured here: C:/Users/84646/Desktop/Pmode/pmod_3/Pmod_30M_1/Pmod_30M.runs/impl_1/runme.log
open_hw
connect_hw_server
INFO: [Labtools 27-2285] Connecting to hw_server url TCP:localhost:3121
INFO: [Labtools 27-2222] Launching hw_server...
INFO: [Labtools 27-2221] Launch Output:

****** Xilinx hw_server v2018.1
  **** Build date : Apr  4 2018-19:32:53
    ** Copyright 1986-2018 Xilinx, Inc. All Rights Reserved.


open_hw_target
INFO: [Labtoolstcl 44-466] Opening hw_target localhost:3121/xilinx_tcf/Digilent/210248799758
set_property PROGRAM.FILE {C:/Users/84646/Desktop/Pmode/pmod_3/Pmod_30M_1/Pmod_30M.runs/impl_1/PIC_LAY.bit} [get_hw_devices xc7z020_1]
current_hw_device [get_hw_devices xc7z020_1]
refresh_hw_device -update_hw_probes false [lindex [get_hw_devices xc7z020_1] 0]
INFO: [Labtools 27-1435] Device xc7z020 (JTAG device index = 1) is not programmed (DONE status = 0).
set_property PROBES.FILE {} [get_hw_devices xc7z020_1]
set_property FULL_PROBES.FILE {} [get_hw_devices xc7z020_1]
set_property PROGRAM.FILE {C:/Users/84646/Desktop/Pmode/pmod_3/Pmod_30M_1/Pmod_30M.runs/impl_1/PIC_LAY.bit} [get_hw_devices xc7z020_1]
program_hw_devices [get_hw_devices xc7z020_1]
INFO: [Labtools 27-3164] End of startup status: HIGH
refresh_hw_device [lindex [get_hw_devices xc7z020_1] 0]
INFO: [Labtools 27-1434] Device xc7z020 (JTAG device index = 1) is programmed with a design that has no supported debug core(s) in it.
WARNING: [Labtools 27-3361] The debug hub core was not detected.
Resolution: 
1. Make sure the clock connected to the debug hub (dbg_hub) core is a free running clock and is active.
2. Make sure the BSCAN_SWITCH_USER_MASK device property in Vivado Hardware Manager reflects the user scan chain setting in the design and refresh the device.  To determine the user scan chain setting in the design, open the implemented design and use 'get_property C_USER_SCAN_CHAIN [get_debug_cores dbg_hub]'.
For more details on setting the scan chain property, consult the Vivado Debug and Programming User Guide (UG908).
ERROR: [Labtoolstcl 44-513] HW Target shutdown. Closing target: localhost:3121/xilinx_tcf/Digilent/210248799758
INFO: [Labtoolstcl 44-466] Opening hw_target localhost:3121/xilinx_tcf/Digilent/210248799758
WARNING: [Labtoolstcl 44-129] No matching hw_ila_data was found.
INFO: [Labtools 27-1435] Device xc7z020 (JTAG device index = 1) is not programmed (DONE status = 0).
WARNING: [Labtoolstcl 44-129] No matching hw_ila_data was found.
set_property PROBES.FILE {} [get_hw_devices xc7z020_1]
set_property FULL_PROBES.FILE {} [get_hw_devices xc7z020_1]
set_property PROGRAM.FILE {C:/Users/84646/Desktop/Pmode/pmod_3/Pmod_30M_1/Pmod_30M.runs/impl_1/PIC_LAY.bit} [get_hw_devices xc7z020_1]
program_hw_devices [get_hw_devices xc7z020_1]
INFO: [Labtools 27-3164] End of startup status: HIGH
refresh_hw_device [lindex [get_hw_devices xc7z020_1] 0]
INFO: [Labtools 27-1434] Device xc7z020 (JTAG device index = 1) is programmed with a design that has no supported debug core(s) in it.
WARNING: [Labtools 27-3361] The debug hub core was not detected.
Resolution: 
1. Make sure the clock connected to the debug hub (dbg_hub) core is a free running clock and is active.
2. Make sure the BSCAN_SWITCH_USER_MASK device property in Vivado Hardware Manager reflects the user scan chain setting in the design and refresh the device.  To determine the user scan chain setting in the design, open the implemented design and use 'get_property C_USER_SCAN_CHAIN [get_debug_cores dbg_hub]'.
For more details on setting the scan chain property, consult the Vivado Debug and Programming User Guide (UG908).
reset_run impl_1 -prev_step 
launch_runs impl_1 -to_step write_bitstream -jobs 4
WARNING: [Vivado 12-872] Run step 'Design Initialization' is out-of-date.
[Wed Aug 21 13:58:07 2019] Launched impl_1...
Run output will be captured here: C:/Users/84646/Desktop/Pmode/pmod_3/Pmod_30M_1/Pmod_30M.runs/impl_1/runme.log
launch_runs: Time (s): cpu = 00:00:00 ; elapsed = 00:00:10 . Memory (MB): peak = 2869.285 ; gain = 0.172
reset_run synth_1
WARNING: [Vivado 12-1017] Problems encountered:
1. Failed to delete one or more files in run directory C:/Users/84646/Desktop/Pmode/pmod_3/Pmod_30M_1/Pmod_30M.runs/synth_1

launch_runs impl_1 -to_step write_bitstream -jobs 4
WARNING: [Project 1-478] Design 'synth_1' is stale and will not be used when launching 'impl_1'
[Wed Aug 21 13:59:42 2019] Launched synth_1...
Run output will be captured here: C:/Users/84646/Desktop/Pmode/pmod_3/Pmod_30M_1/Pmod_30M.runs/synth_1/runme.log
[Wed Aug 21 13:59:42 2019] Launched impl_1...
Run output will be captured here: C:/Users/84646/Desktop/Pmode/pmod_3/Pmod_30M_1/Pmod_30M.runs/impl_1/runme.log
set_property PROBES.FILE {} [get_hw_devices xc7z020_1]
set_property FULL_PROBES.FILE {} [get_hw_devices xc7z020_1]
set_property PROGRAM.FILE {C:/Users/84646/Desktop/Pmode/pmod_3/Pmod_30M_1/Pmod_30M.runs/impl_1/PIC_LAY.bit} [get_hw_devices xc7z020_1]
program_hw_devices [get_hw_devices xc7z020_1]
INFO: [Labtools 27-3164] End of startup status: HIGH
refresh_hw_device [lindex [get_hw_devices xc7z020_1] 0]
INFO: [Labtools 27-1434] Device xc7z020 (JTAG device index = 1) is programmed with a design that has no supported debug core(s) in it.
WARNING: [Labtools 27-3361] The debug hub core was not detected.
Resolution: 
1. Make sure the clock connected to the debug hub (dbg_hub) core is a free running clock and is active.
2. Make sure the BSCAN_SWITCH_USER_MASK device property in Vivado Hardware Manager reflects the user scan chain setting in the design and refresh the device.  To determine the user scan chain setting in the design, open the implemented design and use 'get_property C_USER_SCAN_CHAIN [get_debug_cores dbg_hub]'.
For more details on setting the scan chain property, consult the Vivado Debug and Programming User Guide (UG908).
set_property PROBES.FILE {} [get_hw_devices xc7z020_1]
set_property FULL_PROBES.FILE {} [get_hw_devices xc7z020_1]
set_property PROGRAM.FILE {C:/Users/84646/Desktop/Pmode/pmod_3/Pmod_30M_1/Pmod_30M.runs/impl_1/PIC_LAY.bit} [get_hw_devices xc7z020_1]
program_hw_devices [get_hw_devices xc7z020_1]
INFO: [Labtools 27-3164] End of startup status: HIGH
refresh_hw_device [lindex [get_hw_devices xc7z020_1] 0]
INFO: [Labtools 27-1434] Device xc7z020 (JTAG device index = 1) is programmed with a design that has no supported debug core(s) in it.
WARNING: [Labtools 27-3361] The debug hub core was not detected.
Resolution: 
1. Make sure the clock connected to the debug hub (dbg_hub) core is a free running clock and is active.
2. Make sure the BSCAN_SWITCH_USER_MASK device property in Vivado Hardware Manager reflects the user scan chain setting in the design and refresh the device.  To determine the user scan chain setting in the design, open the implemented design and use 'get_property C_USER_SCAN_CHAIN [get_debug_cores dbg_hub]'.
For more details on setting the scan chain property, consult the Vivado Debug and Programming User Guide (UG908).
close_hw
close_design
open_run impl_1
INFO: [Netlist 29-17] Analyzing 169 Unisim elements for replacement
INFO: [Netlist 29-28] Unisim Transformation completed in 0 CPU seconds
INFO: [Project 1-479] Netlist was created with Vivado 2018.1
INFO: [Project 1-570] Preparing netlist for logic optimization
INFO: [Timing 38-478] Restoring timing data from binary archive.
INFO: [Timing 38-479] Binary timing data restore complete.
INFO: [Project 1-856] Restoring constraints from binary archive.
INFO: [Project 1-853] Binary constraint restore complete.
Reading XDEF placement.
Reading placer database...
Reading XDEF routing.
Read XDEF File: Time (s): cpu = 00:00:00 ; elapsed = 00:00:00.661 . Memory (MB): peak = 3080.340 ; gain = 0.000
Restored from archive | CPU: 0.000000 secs | Memory: 0.000000 MB |
Finished XDEF File Restore: Time (s): cpu = 00:00:00 ; elapsed = 00:00:00.661 . Memory (MB): peak = 3080.340 ; gain = 0.000
INFO: [Project 1-111] Unisim Transformation Summary:
  A total of 2 instances were transformed.
  IOBUF => IOBUF (IBUF, OBUFT): 2 instances

close_design
open_run synth_1 -name synth_1
Design is defaulting to impl run constrset: constrs_1
Design is defaulting to synth run part: xc7z020clg484-1
INFO: [Project 1-454] Reading design checkpoint 'c:/Users/84646/Desktop/Pmode/pmod_3/Pmod_30M_1/Pmod_30M.srcs/sources_1/ip/PLL_108_1/PLL_108.dcp' for cell 'u11'
INFO: [Project 1-454] Reading design checkpoint 'c:/Users/84646/Desktop/Pmode/pmod_3/Pmod_30M_1/Pmod_30M.srcs/sources_1/ip/frame_buffer/frame_buffer.dcp' for cell 'u_frame_buffer'
INFO: [Netlist 29-17] Analyzing 187 Unisim elements for replacement
INFO: [Netlist 29-28] Unisim Transformation completed in 0 CPU seconds
INFO: [Project 1-479] Netlist was created with Vivado 2018.1
INFO: [Project 1-570] Preparing netlist for logic optimization
Parsing XDC File [c:/Users/84646/Desktop/Pmode/pmod_3/Pmod_30M_1/Pmod_30M.srcs/sources_1/ip/PLL_108_1/PLL_108_board.xdc] for cell 'u11/inst'
Finished Parsing XDC File [c:/Users/84646/Desktop/Pmode/pmod_3/Pmod_30M_1/Pmod_30M.srcs/sources_1/ip/PLL_108_1/PLL_108_board.xdc] for cell 'u11/inst'
Parsing XDC File [c:/Users/84646/Desktop/Pmode/pmod_3/Pmod_30M_1/Pmod_30M.srcs/sources_1/ip/PLL_108_1/PLL_108.xdc] for cell 'u11/inst'
INFO: [Timing 38-35] Done setting XDC timing constraints. [c:/Users/84646/Desktop/Pmode/pmod_3/Pmod_30M_1/Pmod_30M.srcs/sources_1/ip/PLL_108_1/PLL_108.xdc:57]
INFO: [Timing 38-2] Deriving generated clocks [c:/Users/84646/Desktop/Pmode/pmod_3/Pmod_30M_1/Pmod_30M.srcs/sources_1/ip/PLL_108_1/PLL_108.xdc:57]
Finished Parsing XDC File [c:/Users/84646/Desktop/Pmode/pmod_3/Pmod_30M_1/Pmod_30M.srcs/sources_1/ip/PLL_108_1/PLL_108.xdc] for cell 'u11/inst'
Parsing XDC File [C:/Users/84646/Desktop/Pmode/pmod_3/Pmod_30M_1/Pmod_30M.srcs/constrs_1/new/zedboard.xdc]
Finished Parsing XDC File [C:/Users/84646/Desktop/Pmode/pmod_3/Pmod_30M_1/Pmod_30M.srcs/constrs_1/new/zedboard.xdc]
INFO: [Opt 31-138] Pushed 0 inverter(s) to 0 load pin(s).
INFO: [Project 1-111] Unisim Transformation Summary:
  A total of 2 instances were transformed.
  IOBUF => IOBUF (IBUF, OBUFT): 2 instances

set_property IOSTANDARD LVCMOS33 [get_ports [list {OV7670_D[6]}]]
set_property IOSTANDARD LVCMOS33 [get_ports [list {OV7670_D[6]}]]
set_property target_constrs_file C:/Users/84646/Desktop/Pmode/pmod_3/Pmod_30M_1/Pmod_30M.srcs/constrs_1/new/zedboard.xdc [current_fileset -constrset]
save_constraints -force
exit
INFO: [Common 17-206] Exiting Vivado at Wed Aug 21 15:33:16 2019...
