#-----------------------------------------------------------
# Vivado v2015.4 (64-bit)
# SW Build 1412921 on Wed Nov 18 09:43:45 MST 2015
# IP Build 1412160 on Tue Nov 17 13:47:24 MST 2015
# Start of session at: Fri Sep 06 12:04:03 2019
# Process ID: 41152
# Current directory: F:/Ne/double_camera
# Command line: vivado.exe -gui_launcher_event rodinguilauncherevent40916 F:\Ne\double_camera\Pmod_30M.xpr
# Log file: F:/Ne/double_camera/vivado.log
# Journal file: F:/Ne/double_camera\vivado.jou
#-----------------------------------------------------------
start_gui
open_project F:/Ne/double_camera/Pmod_30M.xpr
INFO: [Project 1-313] Project file moved from 'C:/Users/84646/Desktop/Pmode/Double_camera' since last save.
Scanning sources...
Finished scanning sources
CRITICAL WARNING: [Project 1-192] Failed to load run synth_1. Strategy Vivado Synthesis Defaults (Vivado Synthesis 2017) not recognized by Vivado. 

CRITICAL WARNING: [Project 1-192] Failed to load run frame_buffer_synth_1. Strategy Vivado Synthesis Defaults (Vivado Synthesis 2018) not recognized by Vivado. 

CRITICAL WARNING: [Project 1-192] Failed to load run PLL_108_synth_1. Strategy Vivado Synthesis Defaults (Vivado Synthesis 2018) not recognized by Vivado. 

CRITICAL WARNING: [Project 1-192] Failed to load run impl_1. Strategy Vivado Implementation Defaults (Vivado Implementation 2017) not recognized by Vivado. 

CRITICAL WARNING: [Project 1-192] Failed to load run frame_buffer_impl_1. Strategy Vivado Implementation Defaults (Vivado Implementation 2018) not recognized by Vivado. 

CRITICAL WARNING: [Project 1-192] Failed to load run PLL_108_impl_1. Strategy Vivado Implementation Defaults (Vivado Implementation 2018) not recognized by Vivado. 

CRITICAL WARNING: [Project 1-532] XML ERROR: Project Option CompiledLibDirXSim has no valid value
CRITICAL WARNING: [Project 1-505] Unrecognized Option Name CompiledLibDirXcelium
CRITICAL WARNING: [Project 1-505] Unrecognized Option Name ProjectType
WARNING: [filemgmt 56-3] IPUserFilesDir: Could not find the directory '$PIPUSERFILESDIR'.
WARNING: [filemgmt 56-3] IPStaticSourceDir: Could not find the directory '$PIPUSERFILESDIR/ipstatic'.
CRITICAL WARNING: [Project 1-505] Unrecognized Option Name DSAVendor
CRITICAL WARNING: [Project 1-505] Unrecognized Option Name DSABoardId
CRITICAL WARNING: [Project 1-505] Unrecognized Option Name DSANumComputeUnits
CRITICAL WARNING: [Project 1-505] Unrecognized Option Name WTXSimLaunchSim
CRITICAL WARNING: [Project 1-505] Unrecognized Option Name WTModelSimLaunchSim
CRITICAL WARNING: [Project 1-505] Unrecognized Option Name WTQuestaLaunchSim
CRITICAL WARNING: [Project 1-505] Unrecognized Option Name WTIesLaunchSim
CRITICAL WARNING: [Project 1-505] Unrecognized Option Name WTVcsLaunchSim
CRITICAL WARNING: [Project 1-505] Unrecognized Option Name WTRivieraLaunchSim
CRITICAL WARNING: [Project 1-505] Unrecognized Option Name WTActivehdlLaunchSim
CRITICAL WARNING: [Project 1-505] Unrecognized Option Name WTXSimExportSim
CRITICAL WARNING: [Project 1-505] Unrecognized Option Name WTModelSimExportSim
CRITICAL WARNING: [Project 1-505] Unrecognized Option Name WTQuestaExportSim
CRITICAL WARNING: [Project 1-505] Unrecognized Option Name WTIesExportSim
CRITICAL WARNING: [Project 1-505] Unrecognized Option Name WTVcsExportSim
CRITICAL WARNING: [Project 1-505] Unrecognized Option Name WTRivieraExportSim
CRITICAL WARNING: [Project 1-505] Unrecognized Option Name WTActivehdlExportSim
CRITICAL WARNING: [Project 1-505] Unrecognized Option Name GenerateIPUpgradeLog
CRITICAL WARNING: [Project 1-505] Unrecognized Option Name XSimRadix
CRITICAL WARNING: [Project 1-505] Unrecognized Option Name XSimTimeUnit
CRITICAL WARNING: [Project 1-505] Unrecognized Option Name XSimArrayDisplayLimit
CRITICAL WARNING: [Project 1-505] Unrecognized Option Name XSimTraceLimit
CRITICAL WARNING: [Project 1-505] Unrecognized Option Name SimTypes
WARNING: [Project 1-231] Project 'Pmod_30M.xpr' was created with a future version and may or may not perform reliably with this version of Vivado. It has been opened in read-only mode for the protection of unrecognized data. Use 'File | Save Project As...' if you wish to alter a copy of the project.
INFO: [IP_Flow 19-234] Refreshing IP repositories
INFO: [IP_Flow 19-1700] Loaded user IP repository 'f:/Ne/double_camera/Pmod_30M.cache/ip'.
INFO: [IP_Flow 19-2313] Loaded Vivado IP repository 'E:/vivado/Vivado/2015.4/data/ip'.
ERROR: [IP_Flow 19-395] Problem reading Component: see 'xilinx:parameterInfo' near line 0 in f:/Ne/double_camera/Pmod_30M.srcs/sources_1/ip/frame_buffer_2/frame_buffer_2.xml: Bad end of element
CRITICAL WARNING: [IP_Flow 19-182] Failed to load BOM file 'f:/Ne/double_camera/Pmod_30M.srcs/sources_1/ip/frame_buffer_2/frame_buffer_2.xml'.
CRITICAL WARNING: [IP_Flow 19-183] Failed to load IP instance 'frame_buffer_2'.
CRITICAL WARNING: [IP_Flow 19-1835] Failed to recreate IP instance 'frame_buffer_2'. Error reading project file(s).
ERROR: [IP_Flow 19-395] Problem reading Component: see 'xilinx:parameterInfo' near line 0 in f:/Ne/double_camera/Pmod_30M.srcs/sources_1/ip/frame_buffer/frame_buffer.xml: Bad end of element
CRITICAL WARNING: [IP_Flow 19-182] Failed to load BOM file 'f:/Ne/double_camera/Pmod_30M.srcs/sources_1/ip/frame_buffer/frame_buffer.xml'.
CRITICAL WARNING: [IP_Flow 19-183] Failed to load IP instance 'frame_buffer'.
CRITICAL WARNING: [IP_Flow 19-1835] Failed to recreate IP instance 'frame_buffer'. Error reading project file(s).
ERROR: [IP_Flow 19-395] Problem reading Component: see 'xilinx:parameterInfo' near line 0 in f:/Ne/double_camera/Pmod_30M.srcs/sources_1/ip/PLL_108_1/PLL_108.xml: Bad end of element
CRITICAL WARNING: [IP_Flow 19-182] Failed to load BOM file 'f:/Ne/double_camera/Pmod_30M.srcs/sources_1/ip/PLL_108_1/PLL_108.xml'.
CRITICAL WARNING: [IP_Flow 19-183] Failed to load IP instance 'PLL_108'.
CRITICAL WARNING: [IP_Flow 19-1835] Failed to recreate IP instance 'PLL_108'. Error reading project file(s).
ERROR: [Common 17-39] 'open_project' failed due to earlier errors.
update_compile_order -fileset sources_1
exit
INFO: [Common 17-206] Exiting Vivado at Fri Sep 06 12:04:37 2019...
